<?xml version="1.0" encoding="UTF-8"?>
<testsuite xmlns:xsi="http://www.w3.org/2001/XMLSchema-instance" xsi:noNamespaceSchemaLocation="https://maven.apache.org/surefire/maven-surefire-plugin/xsd/surefire-test-report-3.0.xsd" version="3.0" name="cucumber.Options.TestRunner" time="23.789" tests="4" errors="0" skipped="0" failures="0">
  <properties>
[...]
</properties>
  <testcase name="Verify if Place is being added successfully using AddPlaceAPI #1" classname="Validating Place APIs" time="10.632">
    <system-out><![CDATA[/maps/api/place/add/json
20:37:23.500 [main] DEBUG org.apache.http.impl.conn.BasicClientConnectionManager - Get connection for route {s}->https://rahulshettyacademy.com:443
20:37:23.771 [main] DEBUG org.apache.http.impl.conn.DefaultClientConnectionOperator - Connecting to rahulshettyacademy.com:443
20:37:24.236 [main] DEBUG org.apache.http.client.protocol.RequestAddCookies - CookieSpec selected: ignoreCookies
20:37:24.242 [main] DEBUG org.apache.http.client.protocol.RequestAuthCache - Auth cache not set in the context
20:37:24.242 [main] DEBUG org.apache.http.client.protocol.RequestTargetAuthentication - Target auth state: UNCHALLENGED
20:37:24.243 [main] DEBUG org.apache.http.client.protocol.RequestProxyAuthentication - Proxy auth state: UNCHALLENGED
20:37:24.243 [main] DEBUG org.apache.http.impl.client.DefaultHttpClient - Attempt 1 to execute request
20:37:24.243 [main] DEBUG org.apache.http.impl.conn.DefaultClientConnection - Sending request: POST /maps/api/place/add/json?key=qaclick123 HTTP/1.1
20:37:24.243 [main] DEBUG org.apache.http.wire -  >> "POST /maps/api/place/add/json?key=qaclick123 HTTP/1.1[\r][\n]"
20:37:24.245 [main] DEBUG org.apache.http.wire -  >> "Accept: */*[\r][\n]"
20:37:24.245 [main] DEBUG org.apache.http.wire -  >> "Content-Type: application/json[\r][\n]"
20:37:24.245 [main] DEBUG org.apache.http.wire -  >> "Content-Length: 235[\r][\n]"
20:37:24.245 [main] DEBUG org.apache.http.wire -  >> "Host: rahulshettyacademy.com[\r][\n]"
20:37:24.245 [main] DEBUG org.apache.http.wire -  >> "Connection: Keep-Alive[\r][\n]"
20:37:24.245 [main] DEBUG org.apache.http.wire -  >> "User-Agent: Apache-HttpClient/4.5.13 (Java/17.0.11)[\r][\n]"
20:37:24.245 [main] DEBUG org.apache.http.wire -  >> "Accept-Encoding: gzip,deflate[\r][\n]"
20:37:24.245 [main] DEBUG org.apache.http.wire -  >> "[\r][\n]"
20:37:24.245 [main] DEBUG org.apache.http.headers - >> POST /maps/api/place/add/json?key=qaclick123 HTTP/1.1
20:37:24.245 [main] DEBUG org.apache.http.headers - >> Accept: */*
20:37:24.245 [main] DEBUG org.apache.http.headers - >> Content-Type: application/json
20:37:24.245 [main] DEBUG org.apache.http.headers - >> Content-Length: 235
20:37:24.245 [main] DEBUG org.apache.http.headers - >> Host: rahulshettyacademy.com
20:37:24.245 [main] DEBUG org.apache.http.headers - >> Connection: Keep-Alive
20:37:24.245 [main] DEBUG org.apache.http.headers - >> User-Agent: Apache-HttpClient/4.5.13 (Java/17.0.11)
20:37:24.245 [main] DEBUG org.apache.http.headers - >> Accept-Encoding: gzip,deflate
20:37:24.245 [main] DEBUG org.apache.http.wire -  >> "{"location":{"lat":-38.383494,"lng":33.427362},"name":"AAhouse","phone_number":"(+91) 9949778355","address":"New   class center","types":["shoe park","shop"],"website":"https://ashwinakhiraworld.com","language":"English","accuracy":50}"
20:37:24.323 [main] DEBUG org.apache.http.wire -  << "HTTP/1.1 200 OK[\r][\n]"
20:37:24.324 [main] DEBUG org.apache.http.wire -  << "Date: Fri, 29 Aug 2025 15:07:23 GMT[\r][\n]"
20:37:24.324 [main] DEBUG org.apache.http.wire -  << "Server: Apache/2.4.52 (Ubuntu)[\r][\n]"
20:37:24.324 [main] DEBUG org.apache.http.wire -  << "Access-Control-Allow-Origin: *[\r][\n]"
20:37:24.324 [main] DEBUG org.apache.http.wire -  << "Access-Control-Allow-Methods: POST[\r][\n]"
20:37:24.324 [main] DEBUG org.apache.http.wire -  << "Access-Control-Max-Age: 3600[\r][\n]"
20:37:24.324 [main] DEBUG org.apache.http.wire -  << "Access-Control-Allow-Headers: Content-Type, Access-Control-Allow-Headers, Authorization, X-Requested-With[\r][\n]"
20:37:24.324 [main] DEBUG org.apache.http.wire -  << "Content-Length: 194[\r][\n]"
20:37:24.324 [main] DEBUG org.apache.http.wire -  << "Keep-Alive: timeout=5, max=100[\r][\n]"
20:37:24.324 [main] DEBUG org.apache.http.wire -  << "Connection: Keep-Alive[\r][\n]"
20:37:24.324 [main] DEBUG org.apache.http.wire -  << "Content-Type: application/json;charset=UTF-8[\r][\n]"
20:37:24.324 [main] DEBUG org.apache.http.wire -  << "[\r][\n]"
20:37:24.328 [main] DEBUG org.apache.http.impl.conn.DefaultClientConnection - Receiving response: HTTP/1.1 200 OK
20:37:24.328 [main] DEBUG org.apache.http.headers - << HTTP/1.1 200 OK
20:37:24.328 [main] DEBUG org.apache.http.headers - << Date: Fri, 29 Aug 2025 15:07:23 GMT
20:37:24.328 [main] DEBUG org.apache.http.headers - << Server: Apache/2.4.52 (Ubuntu)
20:37:24.328 [main] DEBUG org.apache.http.headers - << Access-Control-Allow-Origin: *
20:37:24.328 [main] DEBUG org.apache.http.headers - << Access-Control-Allow-Methods: POST
20:37:24.328 [main] DEBUG org.apache.http.headers - << Access-Control-Max-Age: 3600
20:37:24.328 [main] DEBUG org.apache.http.headers - << Access-Control-Allow-Headers: Content-Type, Access-Control-Allow-Headers, Authorization, X-Requested-With
20:37:24.328 [main] DEBUG org.apache.http.headers - << Content-Length: 194
20:37:24.328 [main] DEBUG org.apache.http.headers - << Keep-Alive: timeout=5, max=100
20:37:24.328 [main] DEBUG org.apache.http.headers - << Connection: Keep-Alive
20:37:24.328 [main] DEBUG org.apache.http.headers - << Content-Type: application/json;charset=UTF-8
20:37:24.334 [main] DEBUG org.apache.http.impl.client.DefaultHttpClient - Connection can be kept alive for 5000 MILLISECONDS
20:37:24.343 [main] DEBUG io.restassured.internal.RestAssuredHttpBuilder - Parsing response as: application/json;charset=UTF-8
20:37:24.347 [main] DEBUG io.restassured.internal.RestAssuredHttpBuilder - Parsed data to instance of: class org.apache.http.conn.EofSensorInputStream
20:37:24.501 [main] DEBUG org.apache.http.wire -  << "{"status":"OK","place_id":"44879e9756e29c7fd7672b9023842455","scope":"APP","reference":"104ef91910333f953fd129d2106df449104ef91910333f953fd129d2106df449","id":"104ef91910333f953fd129d2106df449"}"
20:37:24.508 [main] DEBUG org.apache.http.impl.conn.BasicClientConnectionManager - Releasing connection org.apache.http.impl.conn.ManagedClientConnectionImpl@45e35a0d
20:37:24.510 [main] DEBUG org.apache.http.impl.conn.BasicClientConnectionManager - Connection can be kept alive for 5000 MILLISECONDS
/maps/api/place/get/json
20:37:26.260 [main] DEBUG org.apache.http.impl.conn.BasicClientConnectionManager - Get connection for route {s}->https://rahulshettyacademy.com:443
20:37:26.260 [main] DEBUG org.apache.http.impl.conn.DefaultClientConnectionOperator - Connecting to rahulshettyacademy.com:443
20:37:26.364 [main] DEBUG org.apache.http.client.protocol.RequestAddCookies - CookieSpec selected: ignoreCookies
20:37:26.364 [main] DEBUG org.apache.http.client.protocol.RequestAuthCache - Auth cache not set in the context
20:37:26.364 [main] DEBUG org.apache.http.client.protocol.RequestTargetAuthentication - Target auth state: UNCHALLENGED
20:37:26.364 [main] DEBUG org.apache.http.client.protocol.RequestProxyAuthentication - Proxy auth state: UNCHALLENGED
20:37:26.364 [main] DEBUG org.apache.http.impl.client.DefaultHttpClient - Attempt 1 to execute request
20:37:26.364 [main] DEBUG org.apache.http.impl.conn.DefaultClientConnection - Sending request: GET /maps/api/place/get/json?key=qaclick123&place_id=44879e9756e29c7fd7672b9023842455 HTTP/1.1
20:37:26.368 [main] DEBUG org.apache.http.wire -  >> "GET /maps/api/place/get/json?key=qaclick123&place_id=44879e9756e29c7fd7672b9023842455 HTTP/1.1[\r][\n]"
20:37:26.368 [main] DEBUG org.apache.http.wire -  >> "Content-Type: application/json[\r][\n]"
20:37:26.368 [main] DEBUG org.apache.http.wire -  >> "Accept: */*[\r][\n]"
20:37:26.368 [main] DEBUG org.apache.http.wire -  >> "Host: rahulshettyacademy.com[\r][\n]"
20:37:26.368 [main] DEBUG org.apache.http.wire -  >> "Connection: Keep-Alive[\r][\n]"
20:37:26.368 [main] DEBUG org.apache.http.wire -  >> "User-Agent: Apache-HttpClient/4.5.13 (Java/17.0.11)[\r][\n]"
20:37:26.368 [main] DEBUG org.apache.http.wire -  >> "Accept-Encoding: gzip,deflate[\r][\n]"
20:37:26.368 [main] DEBUG org.apache.http.wire -  >> "[\r][\n]"
20:37:26.368 [main] DEBUG org.apache.http.headers - >> GET /maps/api/place/get/json?key=qaclick123&place_id=44879e9756e29c7fd7672b9023842455 HTTP/1.1
20:37:26.368 [main] DEBUG org.apache.http.headers - >> Content-Type: application/json
20:37:26.368 [main] DEBUG org.apache.http.headers - >> Accept: */*
20:37:26.368 [main] DEBUG org.apache.http.headers - >> Host: rahulshettyacademy.com
20:37:26.368 [main] DEBUG org.apache.http.headers - >> Connection: Keep-Alive
20:37:26.368 [main] DEBUG org.apache.http.headers - >> User-Agent: Apache-HttpClient/4.5.13 (Java/17.0.11)
20:37:26.368 [main] DEBUG org.apache.http.headers - >> Accept-Encoding: gzip,deflate
20:37:28.388 [main] DEBUG org.apache.http.wire -  << "HTTP/1.1 200 OK[\r][\n]"
20:37:28.388 [main] DEBUG org.apache.http.wire -  << "Date: Fri, 29 Aug 2025 15:07:26 GMT[\r][\n]"
20:37:28.388 [main] DEBUG org.apache.http.wire -  << "Server: Apache/2.4.52 (Ubuntu)[\r][\n]"
20:37:28.388 [main] DEBUG org.apache.http.wire -  << "Access-Control-Allow-Origin: *[\r][\n]"
20:37:28.388 [main] DEBUG org.apache.http.wire -  << "Access-Control-Allow-Methods: POST[\r][\n]"
20:37:28.388 [main] DEBUG org.apache.http.wire -  << "Access-Control-Max-Age: 3600[\r][\n]"
20:37:28.388 [main] DEBUG org.apache.http.wire -  << "Access-Control-Allow-Headers: Content-Type, Access-Control-Allow-Headers, Authorization, X-Requested-With[\r][\n]"
20:37:28.388 [main] DEBUG org.apache.http.wire -  << "Content-Length: 250[\r][\n]"
20:37:28.388 [main] DEBUG org.apache.http.wire -  << "Keep-Alive: timeout=5, max=100[\r][\n]"
20:37:28.388 [main] DEBUG org.apache.http.wire -  << "Connection: Keep-Alive[\r][\n]"
20:37:28.388 [main] DEBUG org.apache.http.wire -  << "Content-Type: application/json;charset=UTF-8[\r][\n]"
20:37:28.388 [main] DEBUG org.apache.http.wire -  << "[\r][\n]"
20:37:28.388 [main] DEBUG org.apache.http.impl.conn.DefaultClientConnection - Receiving response: HTTP/1.1 200 OK
20:37:28.388 [main] DEBUG org.apache.http.headers - << HTTP/1.1 200 OK
20:37:28.404 [main] DEBUG org.apache.http.headers - << Date: Fri, 29 Aug 2025 15:07:26 GMT
20:37:28.404 [main] DEBUG org.apache.http.headers - << Server: Apache/2.4.52 (Ubuntu)
20:37:28.404 [main] DEBUG org.apache.http.headers - << Access-Control-Allow-Origin: *
20:37:28.404 [main] DEBUG org.apache.http.headers - << Access-Control-Allow-Methods: POST
20:37:28.404 [main] DEBUG org.apache.http.headers - << Access-Control-Max-Age: 3600
20:37:28.404 [main] DEBUG org.apache.http.headers - << Access-Control-Allow-Headers: Content-Type, Access-Control-Allow-Headers, Authorization, X-Requested-With
20:37:28.404 [main] DEBUG org.apache.http.headers - << Content-Length: 250
20:37:28.404 [main] DEBUG org.apache.http.headers - << Keep-Alive: timeout=5, max=100
20:37:28.404 [main] DEBUG org.apache.http.headers - << Connection: Keep-Alive
20:37:28.404 [main] DEBUG org.apache.http.headers - << Content-Type: application/json;charset=UTF-8
20:37:28.404 [main] DEBUG org.apache.http.impl.client.DefaultHttpClient - Connection can be kept alive for 5000 MILLISECONDS
20:37:28.404 [main] DEBUG io.restassured.internal.RestAssuredHttpBuilder - Parsing response as: application/json;charset=UTF-8
20:37:28.404 [main] DEBUG io.restassured.internal.RestAssuredHttpBuilder - Parsed data to instance of: class org.apache.http.conn.EofSensorInputStream
20:37:28.404 [main] DEBUG org.apache.http.wire -  << "{"location":{"latitude":"-38.383494","longitude":"33.427362"},"accuracy":"50","name":"AAhouse","phone_number":"(+91) 9949778355","address":"New   class center","types":"shoe park,shop","website":"https:\/\/ashwinakhiraworld.com","language":"English"}"
20:37:28.404 [main] DEBUG org.apache.http.impl.conn.BasicClientConnectionManager - Releasing connection org.apache.http.impl.conn.ManagedClientConnectionImpl@c5e7696
20:37:28.404 [main] DEBUG org.apache.http.impl.conn.BasicClientConnectionManager - Connection can be kept alive for 5000 MILLISECONDS
]]></system-out>
  </testcase>
  <testcase name="Verify if Place is being added successfully using AddPlaceAPI #2" classname="Validating Place APIs" time="4.137">
    <system-out><![CDATA[/maps/api/place/add/json
20:37:28.529 [main] DEBUG org.apache.http.impl.conn.BasicClientConnectionManager - Get connection for route {s}->https://rahulshettyacademy.com:443
20:37:28.529 [main] DEBUG org.apache.http.impl.conn.DefaultClientConnectionOperator - Connecting to rahulshettyacademy.com:443
20:37:28.627 [main] DEBUG org.apache.http.client.protocol.RequestAddCookies - CookieSpec selected: ignoreCookies
20:37:28.630 [main] DEBUG org.apache.http.client.protocol.RequestAuthCache - Auth cache not set in the context
20:37:28.630 [main] DEBUG org.apache.http.client.protocol.RequestTargetAuthentication - Target auth state: UNCHALLENGED
20:37:28.630 [main] DEBUG org.apache.http.client.protocol.RequestProxyAuthentication - Proxy auth state: UNCHALLENGED
20:37:28.630 [main] DEBUG org.apache.http.impl.client.DefaultHttpClient - Attempt 1 to execute request
20:37:28.630 [main] DEBUG org.apache.http.impl.conn.DefaultClientConnection - Sending request: POST /maps/api/place/add/json?key=qaclick123 HTTP/1.1
20:37:28.630 [main] DEBUG org.apache.http.wire -  >> "POST /maps/api/place/add/json?key=qaclick123 HTTP/1.1[\r][\n]"
20:37:28.630 [main] DEBUG org.apache.http.wire -  >> "Accept: */*[\r][\n]"
20:37:28.630 [main] DEBUG org.apache.http.wire -  >> "Content-Type: application/json[\r][\n]"
20:37:28.630 [main] DEBUG org.apache.http.wire -  >> "Content-Length: 233[\r][\n]"
20:37:28.630 [main] DEBUG org.apache.http.wire -  >> "Host: rahulshettyacademy.com[\r][\n]"
20:37:28.631 [main] DEBUG org.apache.http.wire -  >> "Connection: Keep-Alive[\r][\n]"
20:37:28.631 [main] DEBUG org.apache.http.wire -  >> "User-Agent: Apache-HttpClient/4.5.13 (Java/17.0.11)[\r][\n]"
20:37:28.631 [main] DEBUG org.apache.http.wire -  >> "Accept-Encoding: gzip,deflate[\r][\n]"
20:37:28.631 [main] DEBUG org.apache.http.wire -  >> "[\r][\n]"
20:37:28.631 [main] DEBUG org.apache.http.headers - >> POST /maps/api/place/add/json?key=qaclick123 HTTP/1.1
20:37:28.631 [main] DEBUG org.apache.http.headers - >> Accept: */*
20:37:28.631 [main] DEBUG org.apache.http.headers - >> Content-Type: application/json
20:37:28.631 [main] DEBUG org.apache.http.headers - >> Content-Length: 233
20:37:28.631 [main] DEBUG org.apache.http.headers - >> Host: rahulshettyacademy.com
20:37:28.631 [main] DEBUG org.apache.http.headers - >> Connection: Keep-Alive
20:37:28.631 [main] DEBUG org.apache.http.headers - >> User-Agent: Apache-HttpClient/4.5.13 (Java/17.0.11)
20:37:28.631 [main] DEBUG org.apache.http.headers - >> Accept-Encoding: gzip,deflate
20:37:28.631 [main] DEBUG org.apache.http.wire -  >> "{"location":{"lat":-38.383494,"lng":33.427362},"name":"BBhouse","phone_number":"(+91) 9949778355","address":"Old class center","types":["shoe park","shop"],"website":"https://ashwinakhiraworld.com","language":"Spanish","accuracy":50}"
20:37:28.676 [main] DEBUG org.apache.http.wire -  << "HTTP/1.1 200 OK[\r][\n]"
20:37:28.676 [main] DEBUG org.apache.http.wire -  << "Date: Fri, 29 Aug 2025 15:07:28 GMT[\r][\n]"
20:37:28.676 [main] DEBUG org.apache.http.wire -  << "Server: Apache/2.4.52 (Ubuntu)[\r][\n]"
20:37:28.676 [main] DEBUG org.apache.http.wire -  << "Access-Control-Allow-Origin: *[\r][\n]"
20:37:28.676 [main] DEBUG org.apache.http.wire -  << "Access-Control-Allow-Methods: POST[\r][\n]"
20:37:28.676 [main] DEBUG org.apache.http.wire -  << "Access-Control-Max-Age: 3600[\r][\n]"
20:37:28.676 [main] DEBUG org.apache.http.wire -  << "Access-Control-Allow-Headers: Content-Type, Access-Control-Allow-Headers, Authorization, X-Requested-With[\r][\n]"
20:37:28.676 [main] DEBUG org.apache.http.wire -  << "Content-Length: 194[\r][\n]"
20:37:28.676 [main] DEBUG org.apache.http.wire -  << "Keep-Alive: timeout=5, max=100[\r][\n]"
20:37:28.676 [main] DEBUG org.apache.http.wire -  << "Connection: Keep-Alive[\r][\n]"
20:37:28.676 [main] DEBUG org.apache.http.wire -  << "Content-Type: application/json;charset=UTF-8[\r][\n]"
20:37:28.676 [main] DEBUG org.apache.http.wire -  << "[\r][\n]"
20:37:28.676 [main] DEBUG org.apache.http.impl.conn.DefaultClientConnection - Receiving response: HTTP/1.1 200 OK
20:37:28.676 [main] DEBUG org.apache.http.headers - << HTTP/1.1 200 OK
20:37:28.676 [main] DEBUG org.apache.http.headers - << Date: Fri, 29 Aug 2025 15:07:28 GMT
20:37:28.676 [main] DEBUG org.apache.http.headers - << Server: Apache/2.4.52 (Ubuntu)
20:37:28.676 [main] DEBUG org.apache.http.headers - << Access-Control-Allow-Origin: *
20:37:28.676 [main] DEBUG org.apache.http.headers - << Access-Control-Allow-Methods: POST
20:37:28.676 [main] DEBUG org.apache.http.headers - << Access-Control-Max-Age: 3600
20:37:28.676 [main] DEBUG org.apache.http.headers - << Access-Control-Allow-Headers: Content-Type, Access-Control-Allow-Headers, Authorization, X-Requested-With
20:37:28.676 [main] DEBUG org.apache.http.headers - << Content-Length: 194
20:37:28.676 [main] DEBUG org.apache.http.headers - << Keep-Alive: timeout=5, max=100
20:37:28.676 [main] DEBUG org.apache.http.headers - << Connection: Keep-Alive
20:37:28.676 [main] DEBUG org.apache.http.headers - << Content-Type: application/json;charset=UTF-8
20:37:28.676 [main] DEBUG org.apache.http.impl.client.DefaultHttpClient - Connection can be kept alive for 5000 MILLISECONDS
20:37:28.676 [main] DEBUG io.restassured.internal.RestAssuredHttpBuilder - Parsing response as: application/json;charset=UTF-8
20:37:28.676 [main] DEBUG io.restassured.internal.RestAssuredHttpBuilder - Parsed data to instance of: class org.apache.http.conn.EofSensorInputStream
20:37:28.690 [main] DEBUG org.apache.http.wire -  << "{"status":"OK","place_id":"935f0978f5bfe3d2e0c61db00511ba64","scope":"APP","reference":"b4707993b8eaf7bc75480ae9c69396d8b4707993b8eaf7bc75480ae9c69396d8","id":"b4707993b8eaf7bc75480ae9c69396d8"}"
20:37:28.690 [main] DEBUG org.apache.http.impl.conn.BasicClientConnectionManager - Releasing connection org.apache.http.impl.conn.ManagedClientConnectionImpl@85b9f9c
20:37:28.690 [main] DEBUG org.apache.http.impl.conn.BasicClientConnectionManager - Connection can be kept alive for 5000 MILLISECONDS
/maps/api/place/get/json
20:37:28.842 [main] DEBUG org.apache.http.impl.conn.BasicClientConnectionManager - Get connection for route {s}->https://rahulshettyacademy.com:443
20:37:28.842 [main] DEBUG org.apache.http.impl.conn.DefaultClientConnectionOperator - Connecting to rahulshettyacademy.com:443
20:37:29.113 [main] DEBUG org.apache.http.client.protocol.RequestAddCookies - CookieSpec selected: ignoreCookies
20:37:29.113 [main] DEBUG org.apache.http.client.protocol.RequestAuthCache - Auth cache not set in the context
20:37:29.113 [main] DEBUG org.apache.http.client.protocol.RequestTargetAuthentication - Target auth state: UNCHALLENGED
20:37:29.113 [main] DEBUG org.apache.http.client.protocol.RequestProxyAuthentication - Proxy auth state: UNCHALLENGED
20:37:29.113 [main] DEBUG org.apache.http.impl.client.DefaultHttpClient - Attempt 1 to execute request
20:37:29.113 [main] DEBUG org.apache.http.impl.conn.DefaultClientConnection - Sending request: GET /maps/api/place/get/json?key=qaclick123&place_id=935f0978f5bfe3d2e0c61db00511ba64 HTTP/1.1
20:37:29.113 [main] DEBUG org.apache.http.wire -  >> "GET /maps/api/place/get/json?key=qaclick123&place_id=935f0978f5bfe3d2e0c61db00511ba64 HTTP/1.1[\r][\n]"
20:37:29.113 [main] DEBUG org.apache.http.wire -  >> "Content-Type: application/json[\r][\n]"
20:37:29.113 [main] DEBUG org.apache.http.wire -  >> "Accept: */*[\r][\n]"
20:37:29.113 [main] DEBUG org.apache.http.wire -  >> "Host: rahulshettyacademy.com[\r][\n]"
20:37:29.113 [main] DEBUG org.apache.http.wire -  >> "Connection: Keep-Alive[\r][\n]"
20:37:29.113 [main] DEBUG org.apache.http.wire -  >> "User-Agent: Apache-HttpClient/4.5.13 (Java/17.0.11)[\r][\n]"
20:37:29.113 [main] DEBUG org.apache.http.wire -  >> "Accept-Encoding: gzip,deflate[\r][\n]"
20:37:29.113 [main] DEBUG org.apache.http.wire -  >> "[\r][\n]"
20:37:29.114 [main] DEBUG org.apache.http.headers - >> GET /maps/api/place/get/json?key=qaclick123&place_id=935f0978f5bfe3d2e0c61db00511ba64 HTTP/1.1
20:37:29.114 [main] DEBUG org.apache.http.headers - >> Content-Type: application/json
20:37:29.114 [main] DEBUG org.apache.http.headers - >> Accept: */*
20:37:29.114 [main] DEBUG org.apache.http.headers - >> Host: rahulshettyacademy.com
20:37:29.114 [main] DEBUG org.apache.http.headers - >> Connection: Keep-Alive
20:37:29.114 [main] DEBUG org.apache.http.headers - >> User-Agent: Apache-HttpClient/4.5.13 (Java/17.0.11)
20:37:29.114 [main] DEBUG org.apache.http.headers - >> Accept-Encoding: gzip,deflate
20:37:32.532 [main] DEBUG org.apache.http.wire -  << "HTTP/1.1 200 OK[\r][\n]"
20:37:32.532 [main] DEBUG org.apache.http.wire -  << "Date: Fri, 29 Aug 2025 15:07:28 GMT[\r][\n]"
20:37:32.532 [main] DEBUG org.apache.http.wire -  << "Server: Apache/2.4.52 (Ubuntu)[\r][\n]"
20:37:32.532 [main] DEBUG org.apache.http.wire -  << "Access-Control-Allow-Origin: *[\r][\n]"
20:37:32.533 [main] DEBUG org.apache.http.wire -  << "Access-Control-Allow-Methods: POST[\r][\n]"
20:37:32.533 [main] DEBUG org.apache.http.wire -  << "Access-Control-Max-Age: 3600[\r][\n]"
20:37:32.533 [main] DEBUG org.apache.http.wire -  << "Access-Control-Allow-Headers: Content-Type, Access-Control-Allow-Headers, Authorization, X-Requested-With[\r][\n]"
20:37:32.533 [main] DEBUG org.apache.http.wire -  << "Content-Length: 248[\r][\n]"
20:37:32.533 [main] DEBUG org.apache.http.wire -  << "Keep-Alive: timeout=5, max=100[\r][\n]"
20:37:32.533 [main] DEBUG org.apache.http.wire -  << "Connection: Keep-Alive[\r][\n]"
20:37:32.533 [main] DEBUG org.apache.http.wire -  << "Content-Type: application/json;charset=UTF-8[\r][\n]"
20:37:32.533 [main] DEBUG org.apache.http.wire -  << "[\r][\n]"
20:37:32.533 [main] DEBUG org.apache.http.impl.conn.DefaultClientConnection - Receiving response: HTTP/1.1 200 OK
20:37:32.533 [main] DEBUG org.apache.http.headers - << HTTP/1.1 200 OK
20:37:32.533 [main] DEBUG org.apache.http.headers - << Date: Fri, 29 Aug 2025 15:07:28 GMT
20:37:32.533 [main] DEBUG org.apache.http.headers - << Server: Apache/2.4.52 (Ubuntu)
20:37:32.533 [main] DEBUG org.apache.http.headers - << Access-Control-Allow-Origin: *
20:37:32.533 [main] DEBUG org.apache.http.headers - << Access-Control-Allow-Methods: POST
20:37:32.533 [main] DEBUG org.apache.http.headers - << Access-Control-Max-Age: 3600
20:37:32.535 [main] DEBUG org.apache.http.headers - << Access-Control-Allow-Headers: Content-Type, Access-Control-Allow-Headers, Authorization, X-Requested-With
20:37:32.535 [main] DEBUG org.apache.http.headers - << Content-Length: 248
20:37:32.535 [main] DEBUG org.apache.http.headers - << Keep-Alive: timeout=5, max=100
20:37:32.535 [main] DEBUG org.apache.http.headers - << Connection: Keep-Alive
20:37:32.535 [main] DEBUG org.apache.http.headers - << Content-Type: application/json;charset=UTF-8
20:37:32.535 [main] DEBUG org.apache.http.impl.client.DefaultHttpClient - Connection can be kept alive for 5000 MILLISECONDS
20:37:32.535 [main] DEBUG io.restassured.internal.RestAssuredHttpBuilder - Parsing response as: application/json;charset=UTF-8
20:37:32.537 [main] DEBUG io.restassured.internal.RestAssuredHttpBuilder - Parsed data to instance of: class org.apache.http.conn.EofSensorInputStream
20:37:32.539 [main] DEBUG org.apache.http.wire -  << "{"location":{"latitude":"-38.383494","longitude":"33.427362"},"accuracy":"50","name":"BBhouse","phone_number":"(+91) 9949778355","address":"Old class center","types":"shoe park,shop","website":"https:\/\/ashwinakhiraworld.com","language":"Spanish"}"
20:37:32.539 [main] DEBUG org.apache.http.impl.conn.BasicClientConnectionManager - Releasing connection org.apache.http.impl.conn.ManagedClientConnectionImpl@26d02dc6
20:37:32.542 [main] DEBUG org.apache.http.impl.conn.BasicClientConnectionManager - Connection can be kept alive for 5000 MILLISECONDS
]]></system-out>
  </testcase>
  <testcase name="Verify if Place is being added successfully using AddPlaceAPI #3" classname="Validating Place APIs" time="2.655">
    <system-out><![CDATA[/maps/api/place/add/json
20:37:32.614 [main] DEBUG org.apache.http.impl.conn.BasicClientConnectionManager - Get connection for route {s}->https://rahulshettyacademy.com:443
20:37:32.614 [main] DEBUG org.apache.http.impl.conn.DefaultClientConnectionOperator - Connecting to rahulshettyacademy.com:443
20:37:32.719 [main] DEBUG org.apache.http.client.protocol.RequestAddCookies - CookieSpec selected: ignoreCookies
20:37:32.719 [main] DEBUG org.apache.http.client.protocol.RequestAuthCache - Auth cache not set in the context
20:37:32.719 [main] DEBUG org.apache.http.client.protocol.RequestTargetAuthentication - Target auth state: UNCHALLENGED
20:37:32.719 [main] DEBUG org.apache.http.client.protocol.RequestProxyAuthentication - Proxy auth state: UNCHALLENGED
20:37:32.719 [main] DEBUG org.apache.http.impl.client.DefaultHttpClient - Attempt 1 to execute request
20:37:32.719 [main] DEBUG org.apache.http.impl.conn.DefaultClientConnection - Sending request: POST /maps/api/place/add/json?key=qaclick123 HTTP/1.1
20:37:32.719 [main] DEBUG org.apache.http.wire -  >> "POST /maps/api/place/add/json?key=qaclick123 HTTP/1.1[\r][\n]"
20:37:32.719 [main] DEBUG org.apache.http.wire -  >> "Accept: */*[\r][\n]"
20:37:32.719 [main] DEBUG org.apache.http.wire -  >> "Content-Type: application/json[\r][\n]"
20:37:32.719 [main] DEBUG org.apache.http.wire -  >> "Content-Length: 234[\r][\n]"
20:37:32.719 [main] DEBUG org.apache.http.wire -  >> "Host: rahulshettyacademy.com[\r][\n]"
20:37:32.719 [main] DEBUG org.apache.http.wire -  >> "Connection: Keep-Alive[\r][\n]"
20:37:32.719 [main] DEBUG org.apache.http.wire -  >> "User-Agent: Apache-HttpClient/4.5.13 (Java/17.0.11)[\r][\n]"
20:37:32.722 [main] DEBUG org.apache.http.wire -  >> "Accept-Encoding: gzip,deflate[\r][\n]"
20:37:32.722 [main] DEBUG org.apache.http.wire -  >> "[\r][\n]"
20:37:32.722 [main] DEBUG org.apache.http.headers - >> POST /maps/api/place/add/json?key=qaclick123 HTTP/1.1
20:37:32.722 [main] DEBUG org.apache.http.headers - >> Accept: */*
20:37:32.722 [main] DEBUG org.apache.http.headers - >> Content-Type: application/json
20:37:32.722 [main] DEBUG org.apache.http.headers - >> Content-Length: 234
20:37:32.722 [main] DEBUG org.apache.http.headers - >> Host: rahulshettyacademy.com
20:37:32.722 [main] DEBUG org.apache.http.headers - >> Connection: Keep-Alive
20:37:32.722 [main] DEBUG org.apache.http.headers - >> User-Agent: Apache-HttpClient/4.5.13 (Java/17.0.11)
20:37:32.722 [main] DEBUG org.apache.http.headers - >> Accept-Encoding: gzip,deflate
20:37:32.722 [main] DEBUG org.apache.http.wire -  >> "{"location":{"lat":-38.383494,"lng":33.427362},"name":"CChouse","phone_number":"(+91) 9949778355","address":"Akhi  class center","types":["shoe park","shop"],"website":"https://ashwinakhiraworld.com","language":"French","accuracy":50}"
20:37:32.779 [main] DEBUG org.apache.http.wire -  << "HTTP/1.1 200 OK[\r][\n]"
20:37:32.783 [main] DEBUG org.apache.http.wire -  << "Date: Fri, 29 Aug 2025 15:07:32 GMT[\r][\n]"
20:37:32.783 [main] DEBUG org.apache.http.wire -  << "Server: Apache/2.4.52 (Ubuntu)[\r][\n]"
20:37:32.783 [main] DEBUG org.apache.http.wire -  << "Access-Control-Allow-Origin: *[\r][\n]"
20:37:32.783 [main] DEBUG org.apache.http.wire -  << "Access-Control-Allow-Methods: POST[\r][\n]"
20:37:32.783 [main] DEBUG org.apache.http.wire -  << "Access-Control-Max-Age: 3600[\r][\n]"
20:37:32.783 [main] DEBUG org.apache.http.wire -  << "Access-Control-Allow-Headers: Content-Type, Access-Control-Allow-Headers, Authorization, X-Requested-With[\r][\n]"
20:37:32.783 [main] DEBUG org.apache.http.wire -  << "Content-Length: 194[\r][\n]"
20:37:32.783 [main] DEBUG org.apache.http.wire -  << "Keep-Alive: timeout=5, max=100[\r][\n]"
20:37:32.783 [main] DEBUG org.apache.http.wire -  << "Connection: Keep-Alive[\r][\n]"
20:37:32.783 [main] DEBUG org.apache.http.wire -  << "Content-Type: application/json;charset=UTF-8[\r][\n]"
20:37:32.783 [main] DEBUG org.apache.http.wire -  << "[\r][\n]"
20:37:32.783 [main] DEBUG org.apache.http.impl.conn.DefaultClientConnection - Receiving response: HTTP/1.1 200 OK
20:37:32.783 [main] DEBUG org.apache.http.headers - << HTTP/1.1 200 OK
20:37:32.783 [main] DEBUG org.apache.http.headers - << Date: Fri, 29 Aug 2025 15:07:32 GMT
20:37:32.783 [main] DEBUG org.apache.http.headers - << Server: Apache/2.4.52 (Ubuntu)
20:37:32.783 [main] DEBUG org.apache.http.headers - << Access-Control-Allow-Origin: *
20:37:32.783 [main] DEBUG org.apache.http.headers - << Access-Control-Allow-Methods: POST
20:37:32.783 [main] DEBUG org.apache.http.headers - << Access-Control-Max-Age: 3600
20:37:32.783 [main] DEBUG org.apache.http.headers - << Access-Control-Allow-Headers: Content-Type, Access-Control-Allow-Headers, Authorization, X-Requested-With
20:37:32.783 [main] DEBUG org.apache.http.headers - << Content-Length: 194
20:37:32.783 [main] DEBUG org.apache.http.headers - << Keep-Alive: timeout=5, max=100
20:37:32.783 [main] DEBUG org.apache.http.headers - << Connection: Keep-Alive
20:37:32.783 [main] DEBUG org.apache.http.headers - << Content-Type: application/json;charset=UTF-8
20:37:32.783 [main] DEBUG org.apache.http.impl.client.DefaultHttpClient - Connection can be kept alive for 5000 MILLISECONDS
20:37:32.783 [main] DEBUG io.restassured.internal.RestAssuredHttpBuilder - Parsing response as: application/json;charset=UTF-8
20:37:32.783 [main] DEBUG io.restassured.internal.RestAssuredHttpBuilder - Parsed data to instance of: class org.apache.http.conn.EofSensorInputStream
20:37:32.783 [main] DEBUG org.apache.http.wire -  << "{"status":"OK","place_id":"9ba34f2c36ab24a5a3f0abf827ed9cfd","scope":"APP","reference":"516d2a240768d1879eb05df0409287da516d2a240768d1879eb05df0409287da","id":"516d2a240768d1879eb05df0409287da"}"
20:37:32.783 [main] DEBUG org.apache.http.impl.conn.BasicClientConnectionManager - Releasing connection org.apache.http.impl.conn.ManagedClientConnectionImpl@51ac72f7
20:37:32.783 [main] DEBUG org.apache.http.impl.conn.BasicClientConnectionManager - Connection can be kept alive for 5000 MILLISECONDS
/maps/api/place/get/json
20:37:32.871 [main] DEBUG org.apache.http.impl.conn.BasicClientConnectionManager - Get connection for route {s}->https://rahulshettyacademy.com:443
20:37:32.871 [main] DEBUG org.apache.http.impl.conn.DefaultClientConnectionOperator - Connecting to rahulshettyacademy.com:443
20:37:32.971 [main] DEBUG org.apache.http.client.protocol.RequestAddCookies - CookieSpec selected: ignoreCookies
20:37:32.971 [main] DEBUG org.apache.http.client.protocol.RequestAuthCache - Auth cache not set in the context
20:37:32.971 [main] DEBUG org.apache.http.client.protocol.RequestTargetAuthentication - Target auth state: UNCHALLENGED
20:37:32.971 [main] DEBUG org.apache.http.client.protocol.RequestProxyAuthentication - Proxy auth state: UNCHALLENGED
20:37:32.973 [main] DEBUG org.apache.http.impl.client.DefaultHttpClient - Attempt 1 to execute request
20:37:32.973 [main] DEBUG org.apache.http.impl.conn.DefaultClientConnection - Sending request: GET /maps/api/place/get/json?key=qaclick123&place_id=9ba34f2c36ab24a5a3f0abf827ed9cfd HTTP/1.1
20:37:32.973 [main] DEBUG org.apache.http.wire -  >> "GET /maps/api/place/get/json?key=qaclick123&place_id=9ba34f2c36ab24a5a3f0abf827ed9cfd HTTP/1.1[\r][\n]"
20:37:32.973 [main] DEBUG org.apache.http.wire -  >> "Content-Type: application/json[\r][\n]"
20:37:32.973 [main] DEBUG org.apache.http.wire -  >> "Accept: */*[\r][\n]"
20:37:32.973 [main] DEBUG org.apache.http.wire -  >> "Host: rahulshettyacademy.com[\r][\n]"
20:37:32.973 [main] DEBUG org.apache.http.wire -  >> "Connection: Keep-Alive[\r][\n]"
20:37:32.973 [main] DEBUG org.apache.http.wire -  >> "User-Agent: Apache-HttpClient/4.5.13 (Java/17.0.11)[\r][\n]"
20:37:32.973 [main] DEBUG org.apache.http.wire -  >> "Accept-Encoding: gzip,deflate[\r][\n]"
20:37:32.973 [main] DEBUG org.apache.http.wire -  >> "[\r][\n]"
20:37:32.973 [main] DEBUG org.apache.http.headers - >> GET /maps/api/place/get/json?key=qaclick123&place_id=9ba34f2c36ab24a5a3f0abf827ed9cfd HTTP/1.1
20:37:32.973 [main] DEBUG org.apache.http.headers - >> Content-Type: application/json
20:37:32.973 [main] DEBUG org.apache.http.headers - >> Accept: */*
20:37:32.973 [main] DEBUG org.apache.http.headers - >> Host: rahulshettyacademy.com
20:37:32.973 [main] DEBUG org.apache.http.headers - >> Connection: Keep-Alive
20:37:32.973 [main] DEBUG org.apache.http.headers - >> User-Agent: Apache-HttpClient/4.5.13 (Java/17.0.11)
20:37:32.973 [main] DEBUG org.apache.http.headers - >> Accept-Encoding: gzip,deflate
20:37:35.195 [main] DEBUG org.apache.http.wire -  << "HTTP/1.1 200 OK[\r][\n]"
20:37:35.198 [main] DEBUG org.apache.http.wire -  << "Date: Fri, 29 Aug 2025 15:07:32 GMT[\r][\n]"
20:37:35.198 [main] DEBUG org.apache.http.wire -  << "Server: Apache/2.4.52 (Ubuntu)[\r][\n]"
20:37:35.198 [main] DEBUG org.apache.http.wire -  << "Access-Control-Allow-Origin: *[\r][\n]"
20:37:35.198 [main] DEBUG org.apache.http.wire -  << "Access-Control-Allow-Methods: POST[\r][\n]"
20:37:35.198 [main] DEBUG org.apache.http.wire -  << "Access-Control-Max-Age: 3600[\r][\n]"
20:37:35.198 [main] DEBUG org.apache.http.wire -  << "Access-Control-Allow-Headers: Content-Type, Access-Control-Allow-Headers, Authorization, X-Requested-With[\r][\n]"
20:37:35.198 [main] DEBUG org.apache.http.wire -  << "Content-Length: 249[\r][\n]"
20:37:35.198 [main] DEBUG org.apache.http.wire -  << "Keep-Alive: timeout=5, max=100[\r][\n]"
20:37:35.198 [main] DEBUG org.apache.http.wire -  << "Connection: Keep-Alive[\r][\n]"
20:37:35.200 [main] DEBUG org.apache.http.wire -  << "Content-Type: application/json;charset=UTF-8[\r][\n]"
20:37:35.200 [main] DEBUG org.apache.http.wire -  << "[\r][\n]"
20:37:35.200 [main] DEBUG org.apache.http.impl.conn.DefaultClientConnection - Receiving response: HTTP/1.1 200 OK
20:37:35.200 [main] DEBUG org.apache.http.headers - << HTTP/1.1 200 OK
20:37:35.200 [main] DEBUG org.apache.http.headers - << Date: Fri, 29 Aug 2025 15:07:32 GMT
20:37:35.200 [main] DEBUG org.apache.http.headers - << Server: Apache/2.4.52 (Ubuntu)
20:37:35.200 [main] DEBUG org.apache.http.headers - << Access-Control-Allow-Origin: *
20:37:35.200 [main] DEBUG org.apache.http.headers - << Access-Control-Allow-Methods: POST
20:37:35.200 [main] DEBUG org.apache.http.headers - << Access-Control-Max-Age: 3600
20:37:35.200 [main] DEBUG org.apache.http.headers - << Access-Control-Allow-Headers: Content-Type, Access-Control-Allow-Headers, Authorization, X-Requested-With
20:37:35.200 [main] DEBUG org.apache.http.headers - << Content-Length: 249
20:37:35.200 [main] DEBUG org.apache.http.headers - << Keep-Alive: timeout=5, max=100
20:37:35.200 [main] DEBUG org.apache.http.headers - << Connection: Keep-Alive
20:37:35.200 [main] DEBUG org.apache.http.headers - << Content-Type: application/json;charset=UTF-8
20:37:35.202 [main] DEBUG org.apache.http.impl.client.DefaultHttpClient - Connection can be kept alive for 5000 MILLISECONDS
20:37:35.204 [main] DEBUG io.restassured.internal.RestAssuredHttpBuilder - Parsing response as: application/json;charset=UTF-8
20:37:35.204 [main] DEBUG io.restassured.internal.RestAssuredHttpBuilder - Parsed data to instance of: class org.apache.http.conn.EofSensorInputStream
20:37:35.206 [main] DEBUG org.apache.http.wire -  << "{"location":{"latitude":"-38.383494","longitude":"33.427362"},"accuracy":"50","name":"CChouse","phone_number":"(+91) 9949778355","address":"Akhi  class center","types":"shoe park,shop","website":"https:\/\/ashwinakhiraworld.com","language":"French"}"
20:37:35.208 [main] DEBUG org.apache.http.impl.conn.BasicClientConnectionManager - Releasing connection org.apache.http.impl.conn.ManagedClientConnectionImpl@40ef385f
20:37:35.208 [main] DEBUG org.apache.http.impl.conn.BasicClientConnectionManager - Connection can be kept alive for 5000 MILLISECONDS
]]></system-out>
  </testcase>
  <testcase name="Verify if Delete Place functionality is working" classname="Validating Place APIs" time="4.304">
    <system-out><![CDATA[/maps/api/place/delete/json
20:37:35.271 [main] DEBUG org.apache.http.impl.conn.BasicClientConnectionManager - Get connection for route {s}->https://rahulshettyacademy.com:443
20:37:35.271 [main] DEBUG org.apache.http.impl.conn.DefaultClientConnectionOperator - Connecting to rahulshettyacademy.com:443
20:37:35.381 [main] DEBUG org.apache.http.client.protocol.RequestAddCookies - CookieSpec selected: ignoreCookies
20:37:35.381 [main] DEBUG org.apache.http.client.protocol.RequestAuthCache - Auth cache not set in the context
20:37:35.381 [main] DEBUG org.apache.http.client.protocol.RequestTargetAuthentication - Target auth state: UNCHALLENGED
20:37:35.381 [main] DEBUG org.apache.http.client.protocol.RequestProxyAuthentication - Proxy auth state: UNCHALLENGED
20:37:35.381 [main] DEBUG org.apache.http.impl.client.DefaultHttpClient - Attempt 1 to execute request
20:37:35.382 [main] DEBUG org.apache.http.impl.conn.DefaultClientConnection - Sending request: POST /maps/api/place/delete/json?key=qaclick123 HTTP/1.1
20:37:35.382 [main] DEBUG org.apache.http.wire -  >> "POST /maps/api/place/delete/json?key=qaclick123 HTTP/1.1[\r][\n]"
20:37:35.382 [main] DEBUG org.apache.http.wire -  >> "Accept: */*[\r][\n]"
20:37:35.382 [main] DEBUG org.apache.http.wire -  >> "Content-Type: application/json[\r][\n]"
20:37:35.382 [main] DEBUG org.apache.http.wire -  >> "Content-Length: 56[\r][\n]"
20:37:35.382 [main] DEBUG org.apache.http.wire -  >> "Host: rahulshettyacademy.com[\r][\n]"
20:37:35.382 [main] DEBUG org.apache.http.wire -  >> "Connection: Keep-Alive[\r][\n]"
20:37:35.382 [main] DEBUG org.apache.http.wire -  >> "User-Agent: Apache-HttpClient/4.5.13 (Java/17.0.11)[\r][\n]"
20:37:35.382 [main] DEBUG org.apache.http.wire -  >> "Accept-Encoding: gzip,deflate[\r][\n]"
20:37:35.382 [main] DEBUG org.apache.http.wire -  >> "[\r][\n]"
20:37:35.382 [main] DEBUG org.apache.http.headers - >> POST /maps/api/place/delete/json?key=qaclick123 HTTP/1.1
20:37:35.382 [main] DEBUG org.apache.http.headers - >> Accept: */*
20:37:35.382 [main] DEBUG org.apache.http.headers - >> Content-Type: application/json
20:37:35.382 [main] DEBUG org.apache.http.headers - >> Content-Length: 56
20:37:35.382 [main] DEBUG org.apache.http.headers - >> Host: rahulshettyacademy.com
20:37:35.382 [main] DEBUG org.apache.http.headers - >> Connection: Keep-Alive
20:37:35.382 [main] DEBUG org.apache.http.headers - >> User-Agent: Apache-HttpClient/4.5.13 (Java/17.0.11)
20:37:35.382 [main] DEBUG org.apache.http.headers - >> Accept-Encoding: gzip,deflate
20:37:35.382 [main] DEBUG org.apache.http.wire -  >> "{[\r][\n]"
20:37:35.382 [main] DEBUG org.apache.http.wire -  >> "    "place_id": "9ba34f2c36ab24a5a3f0abf827ed9cfd"[\r][\n]"
20:37:35.382 [main] DEBUG org.apache.http.wire -  >> "}"
20:37:39.483 [main] DEBUG org.apache.http.wire -  << "HTTP/1.1 200 OK[\r][\n]"
20:37:39.483 [main] DEBUG org.apache.http.wire -  << "Date: Fri, 29 Aug 2025 15:07:35 GMT[\r][\n]"
20:37:39.483 [main] DEBUG org.apache.http.wire -  << "Server: Apache/2.4.52 (Ubuntu)[\r][\n]"
20:37:39.483 [main] DEBUG org.apache.http.wire -  << "Access-Control-Allow-Origin: *[\r][\n]"
20:37:39.483 [main] DEBUG org.apache.http.wire -  << "Access-Control-Allow-Methods: POST[\r][\n]"
20:37:39.483 [main] DEBUG org.apache.http.wire -  << "Access-Control-Max-Age: 3600[\r][\n]"
20:37:39.483 [main] DEBUG org.apache.http.wire -  << "Access-Control-Allow-Headers: Content-Type, Access-Control-Allow-Headers, Authorization, X-Requested-With[\r][\n]"
20:37:39.483 [main] DEBUG org.apache.http.wire -  << "Content-Length: 15[\r][\n]"
20:37:39.483 [main] DEBUG org.apache.http.wire -  << "Keep-Alive: timeout=5, max=100[\r][\n]"
20:37:39.483 [main] DEBUG org.apache.http.wire -  << "Connection: Keep-Alive[\r][\n]"
20:37:39.483 [main] DEBUG org.apache.http.wire -  << "Content-Type: application/json;charset=UTF-8[\r][\n]"
20:37:39.497 [main] DEBUG org.apache.http.wire -  << "[\r][\n]"
20:37:39.497 [main] DEBUG org.apache.http.impl.conn.DefaultClientConnection - Receiving response: HTTP/1.1 200 OK
20:37:39.497 [main] DEBUG org.apache.http.headers - << HTTP/1.1 200 OK
20:37:39.497 [main] DEBUG org.apache.http.headers - << Date: Fri, 29 Aug 2025 15:07:35 GMT
20:37:39.497 [main] DEBUG org.apache.http.headers - << Server: Apache/2.4.52 (Ubuntu)
20:37:39.497 [main] DEBUG org.apache.http.headers - << Access-Control-Allow-Origin: *
20:37:39.497 [main] DEBUG org.apache.http.headers - << Access-Control-Allow-Methods: POST
20:37:39.497 [main] DEBUG org.apache.http.headers - << Access-Control-Max-Age: 3600
20:37:39.497 [main] DEBUG org.apache.http.headers - << Access-Control-Allow-Headers: Content-Type, Access-Control-Allow-Headers, Authorization, X-Requested-With
20:37:39.497 [main] DEBUG org.apache.http.headers - << Content-Length: 15
20:37:39.497 [main] DEBUG org.apache.http.headers - << Keep-Alive: timeout=5, max=100
20:37:39.497 [main] DEBUG org.apache.http.headers - << Connection: Keep-Alive
20:37:39.497 [main] DEBUG org.apache.http.headers - << Content-Type: application/json;charset=UTF-8
20:37:39.497 [main] DEBUG org.apache.http.impl.client.DefaultHttpClient - Connection can be kept alive for 5000 MILLISECONDS
20:37:39.497 [main] DEBUG io.restassured.internal.RestAssuredHttpBuilder - Parsing response as: application/json;charset=UTF-8
20:37:39.497 [main] DEBUG io.restassured.internal.RestAssuredHttpBuilder - Parsed data to instance of: class org.apache.http.conn.EofSensorInputStream
20:37:39.497 [main] DEBUG org.apache.http.wire -  << "{"status":"OK"}"
20:37:39.497 [main] DEBUG org.apache.http.impl.conn.BasicClientConnectionManager - Releasing connection org.apache.http.impl.conn.ManagedClientConnectionImpl@27f4761b
20:37:39.497 [main] DEBUG org.apache.http.impl.conn.BasicClientConnectionManager - Connection can be kept alive for 5000 MILLISECONDS
]]></system-out>
  </testcase>
</testsuite>