<?xml version="1.0" encoding="UTF-8"?>
<testsuite xmlns:xsi="http://www.w3.org/2001/XMLSchema-instance" xsi:noNamespaceSchemaLocation="https://maven.apache.org/surefire/maven-surefire-plugin/xsd/surefire-test-report-3.0.xsd" version="3.0" name="Learning.LoginTest" time="0.385" tests="2" errors="0" skipped="0" failures="0">
  <properties>
[...]
</properties>
  <testcase name="validLoginTest" classname="Learning.LoginTest" time="0.381">
    <system-out><![CDATA[23:30:16.145 [main] ERROR io.qameta.allure.AllureLifecycle - Could not start step: no test case running
23:30:16.145 [main] ERROR io.qameta.allure.AllureLifecycle - Could not stop step: step with uuid 2d10c368-8e90-4a6a-a381-df1eb85c47d8 not found
23:30:16.154 [main] ERROR io.qameta.allure.AllureLifecycle - Could not start step: no test case running
23:30:16.154 [main] ERROR io.qameta.allure.AllureLifecycle - Could not stop step: step with uuid 9b20a56a-a9c7-4043-a08b-6da2997bdf5b not found
23:30:16.154 [main] ERROR io.qameta.allure.AllureLifecycle - Could not start step: no test case running
23:30:16.154 [main] ERROR io.qameta.allure.AllureLifecycle - Could not stop step: step with uuid 5dcfeed1-8e3a-4ee5-bd05-60c865830eb2 not found
Login successful!
]]></system-out>
  </testcase>
  <testcase name="invalidLoginTest" classname="Learning.LoginTest" time="0.002">
    <system-out><![CDATA[23:30:16.154 [main] ERROR io.qameta.allure.AllureLifecycle - Could not start step: no test case running
23:30:16.154 [main] ERROR io.qameta.allure.AllureLifecycle - Could not stop step: step with uuid 534ae9cc-a885-4d13-be46-31b322b56a9d not found
23:30:16.154 [main] ERROR io.qameta.allure.AllureLifecycle - Could not start step: no test case running
23:30:16.154 [main] ERROR io.qameta.allure.AllureLifecycle - Could not stop step: step with uuid 049e3964-dd18-4a59-8e9a-18904c6e4ee3 not found
23:30:16.154 [main] ERROR io.qameta.allure.AllureLifecycle - Could not start step: no test case running
23:30:16.154 [main] ERROR io.qameta.allure.AllureLifecycle - Could not stop step: step with uuid 21d12c46-9834-4a7c-b07d-c25676521a61 not found
Login failed!
]]></system-out>
  </testcase>
</testsuite>