<?xml version="1.0" encoding="UTF-8"?>
<testsuite xmlns:xsi="http://www.w3.org/2001/XMLSchema-instance" xsi:noNamespaceSchemaLocation="https://maven.apache.org/surefire/maven-surefire-plugin/xsd/surefire-test-report-3.0.xsd" version="3.0" name="cucumber.Options.TestRunner" time="19.07" tests="4" errors="0" skipped="0" failures="0">
  <properties>
[...]
</properties>
  <testcase name="Verify if Place is being added successfully using AddPlaceAPI #1" classname="Validating Place APIs" time="10.33">
    <system-out><![CDATA[/maps/api/place/add/json
21:05:01.369 [main] DEBUG org.apache.http.impl.conn.BasicClientConnectionManager - Get connection for route {s}->https://rahulshettyacademy.com:443
21:05:01.432 [main] DEBUG org.apache.http.impl.conn.DefaultClientConnectionOperator - Connecting to rahulshettyacademy.com:443
21:05:01.818 [main] DEBUG org.apache.http.client.protocol.RequestAddCookies - CookieSpec selected: ignoreCookies
21:05:01.827 [main] DEBUG org.apache.http.client.protocol.RequestAuthCache - Auth cache not set in the context
21:05:01.827 [main] DEBUG org.apache.http.client.protocol.RequestTargetAuthentication - Target auth state: UNCHALLENGED
21:05:01.828 [main] DEBUG org.apache.http.client.protocol.RequestProxyAuthentication - Proxy auth state: UNCHALLENGED
21:05:01.828 [main] DEBUG org.apache.http.impl.client.DefaultHttpClient - Attempt 1 to execute request
21:05:01.828 [main] DEBUG org.apache.http.impl.conn.DefaultClientConnection - Sending request: POST /maps/api/place/add/json?key=qaclick123 HTTP/1.1
21:05:01.828 [main] DEBUG org.apache.http.wire -  >> "POST /maps/api/place/add/json?key=qaclick123 HTTP/1.1[\r][\n]"
21:05:01.829 [main] DEBUG org.apache.http.wire -  >> "Accept: */*[\r][\n]"
21:05:01.829 [main] DEBUG org.apache.http.wire -  >> "Content-Type: application/json[\r][\n]"
21:05:01.829 [main] DEBUG org.apache.http.wire -  >> "Content-Length: 235[\r][\n]"
21:05:01.829 [main] DEBUG org.apache.http.wire -  >> "Host: rahulshettyacademy.com[\r][\n]"
21:05:01.829 [main] DEBUG org.apache.http.wire -  >> "Connection: Keep-Alive[\r][\n]"
21:05:01.829 [main] DEBUG org.apache.http.wire -  >> "User-Agent: Apache-HttpClient/4.5.13 (Java/17.0.11)[\r][\n]"
21:05:01.829 [main] DEBUG org.apache.http.wire -  >> "Accept-Encoding: gzip,deflate[\r][\n]"
21:05:01.829 [main] DEBUG org.apache.http.wire -  >> "[\r][\n]"
21:05:01.829 [main] DEBUG org.apache.http.headers - >> POST /maps/api/place/add/json?key=qaclick123 HTTP/1.1
21:05:01.829 [main] DEBUG org.apache.http.headers - >> Accept: */*
21:05:01.829 [main] DEBUG org.apache.http.headers - >> Content-Type: application/json
21:05:01.829 [main] DEBUG org.apache.http.headers - >> Content-Length: 235
21:05:01.829 [main] DEBUG org.apache.http.headers - >> Host: rahulshettyacademy.com
21:05:01.829 [main] DEBUG org.apache.http.headers - >> Connection: Keep-Alive
21:05:01.829 [main] DEBUG org.apache.http.headers - >> User-Agent: Apache-HttpClient/4.5.13 (Java/17.0.11)
21:05:01.829 [main] DEBUG org.apache.http.headers - >> Accept-Encoding: gzip,deflate
21:05:01.829 [main] DEBUG org.apache.http.wire -  >> "{"location":{"lat":-38.383494,"lng":33.427362},"name":"AAhouse","phone_number":"(+91) 9949778355","address":"New   class center","types":["shoe park","shop"],"website":"https://ashwinakhiraworld.com","language":"English","accuracy":50}"
21:05:01.900 [main] DEBUG org.apache.http.wire -  << "HTTP/1.1 200 OK[\r][\n]"
21:05:01.909 [main] DEBUG org.apache.http.wire -  << "Date: Thu, 28 Aug 2025 15:35:01 GMT[\r][\n]"
21:05:01.909 [main] DEBUG org.apache.http.wire -  << "Server: Apache/2.4.52 (Ubuntu)[\r][\n]"
21:05:01.909 [main] DEBUG org.apache.http.wire -  << "Access-Control-Allow-Origin: *[\r][\n]"
21:05:01.909 [main] DEBUG org.apache.http.wire -  << "Access-Control-Allow-Methods: POST[\r][\n]"
21:05:01.909 [main] DEBUG org.apache.http.wire -  << "Access-Control-Max-Age: 3600[\r][\n]"
21:05:01.911 [main] DEBUG org.apache.http.wire -  << "Access-Control-Allow-Headers: Content-Type, Access-Control-Allow-Headers, Authorization, X-Requested-With[\r][\n]"
21:05:01.911 [main] DEBUG org.apache.http.wire -  << "Content-Length: 194[\r][\n]"
21:05:01.911 [main] DEBUG org.apache.http.wire -  << "Keep-Alive: timeout=5, max=100[\r][\n]"
21:05:01.912 [main] DEBUG org.apache.http.wire -  << "Connection: Keep-Alive[\r][\n]"
21:05:01.912 [main] DEBUG org.apache.http.wire -  << "Content-Type: application/json;charset=UTF-8[\r][\n]"
21:05:01.912 [main] DEBUG org.apache.http.wire -  << "[\r][\n]"
21:05:01.917 [main] DEBUG org.apache.http.impl.conn.DefaultClientConnection - Receiving response: HTTP/1.1 200 OK
21:05:01.917 [main] DEBUG org.apache.http.headers - << HTTP/1.1 200 OK
21:05:01.917 [main] DEBUG org.apache.http.headers - << Date: Thu, 28 Aug 2025 15:35:01 GMT
21:05:01.919 [main] DEBUG org.apache.http.headers - << Server: Apache/2.4.52 (Ubuntu)
21:05:01.919 [main] DEBUG org.apache.http.headers - << Access-Control-Allow-Origin: *
21:05:01.919 [main] DEBUG org.apache.http.headers - << Access-Control-Allow-Methods: POST
21:05:01.919 [main] DEBUG org.apache.http.headers - << Access-Control-Max-Age: 3600
21:05:01.919 [main] DEBUG org.apache.http.headers - << Access-Control-Allow-Headers: Content-Type, Access-Control-Allow-Headers, Authorization, X-Requested-With
21:05:01.919 [main] DEBUG org.apache.http.headers - << Content-Length: 194
21:05:01.919 [main] DEBUG org.apache.http.headers - << Keep-Alive: timeout=5, max=100
21:05:01.919 [main] DEBUG org.apache.http.headers - << Connection: Keep-Alive
21:05:01.919 [main] DEBUG org.apache.http.headers - << Content-Type: application/json;charset=UTF-8
21:05:01.942 [main] DEBUG org.apache.http.impl.client.DefaultHttpClient - Connection can be kept alive for 5000 MILLISECONDS
21:05:01.964 [main] DEBUG io.restassured.internal.RestAssuredHttpBuilder - Parsing response as: application/json;charset=UTF-8
21:05:01.964 [main] DEBUG io.restassured.internal.RestAssuredHttpBuilder - Parsed data to instance of: class org.apache.http.conn.EofSensorInputStream
21:05:02.133 [main] DEBUG org.apache.http.wire -  << "{"status":"OK","place_id":"959d014710b7ff4b972f986d9ab6f6b8","scope":"APP","reference":"e5d8fc639d8bc81d9c84610d4259c33ee5d8fc639d8bc81d9c84610d4259c33e","id":"e5d8fc639d8bc81d9c84610d4259c33e"}"
21:05:02.137 [main] DEBUG org.apache.http.impl.conn.BasicClientConnectionManager - Releasing connection org.apache.http.impl.conn.ManagedClientConnectionImpl@3d50a3d9
21:05:02.137 [main] DEBUG org.apache.http.impl.conn.BasicClientConnectionManager - Connection can be kept alive for 5000 MILLISECONDS
/maps/api/place/get/json
21:05:03.871 [main] DEBUG org.apache.http.impl.conn.BasicClientConnectionManager - Get connection for route {s}->https://rahulshettyacademy.com:443
21:05:03.873 [main] DEBUG org.apache.http.impl.conn.DefaultClientConnectionOperator - Connecting to rahulshettyacademy.com:443
21:05:03.941 [main] DEBUG org.apache.http.client.protocol.RequestAddCookies - CookieSpec selected: ignoreCookies
21:05:03.941 [main] DEBUG org.apache.http.client.protocol.RequestAuthCache - Auth cache not set in the context
21:05:03.941 [main] DEBUG org.apache.http.client.protocol.RequestTargetAuthentication - Target auth state: UNCHALLENGED
21:05:03.941 [main] DEBUG org.apache.http.client.protocol.RequestProxyAuthentication - Proxy auth state: UNCHALLENGED
21:05:03.941 [main] DEBUG org.apache.http.impl.client.DefaultHttpClient - Attempt 1 to execute request
21:05:03.941 [main] DEBUG org.apache.http.impl.conn.DefaultClientConnection - Sending request: GET /maps/api/place/get/json?key=qaclick123&place_id=959d014710b7ff4b972f986d9ab6f6b8 HTTP/1.1
21:05:03.941 [main] DEBUG org.apache.http.wire -  >> "GET /maps/api/place/get/json?key=qaclick123&place_id=959d014710b7ff4b972f986d9ab6f6b8 HTTP/1.1[\r][\n]"
21:05:03.941 [main] DEBUG org.apache.http.wire -  >> "Content-Type: application/json[\r][\n]"
21:05:03.943 [main] DEBUG org.apache.http.wire -  >> "Accept: */*[\r][\n]"
21:05:03.943 [main] DEBUG org.apache.http.wire -  >> "Host: rahulshettyacademy.com[\r][\n]"
21:05:03.943 [main] DEBUG org.apache.http.wire -  >> "Connection: Keep-Alive[\r][\n]"
21:05:03.943 [main] DEBUG org.apache.http.wire -  >> "User-Agent: Apache-HttpClient/4.5.13 (Java/17.0.11)[\r][\n]"
21:05:03.943 [main] DEBUG org.apache.http.wire -  >> "Accept-Encoding: gzip,deflate[\r][\n]"
21:05:03.943 [main] DEBUG org.apache.http.wire -  >> "[\r][\n]"
21:05:03.943 [main] DEBUG org.apache.http.headers - >> GET /maps/api/place/get/json?key=qaclick123&place_id=959d014710b7ff4b972f986d9ab6f6b8 HTTP/1.1
21:05:03.943 [main] DEBUG org.apache.http.headers - >> Content-Type: application/json
21:05:03.943 [main] DEBUG org.apache.http.headers - >> Accept: */*
21:05:03.943 [main] DEBUG org.apache.http.headers - >> Host: rahulshettyacademy.com
21:05:03.943 [main] DEBUG org.apache.http.headers - >> Connection: Keep-Alive
21:05:03.943 [main] DEBUG org.apache.http.headers - >> User-Agent: Apache-HttpClient/4.5.13 (Java/17.0.11)
21:05:03.943 [main] DEBUG org.apache.http.headers - >> Accept-Encoding: gzip,deflate
21:05:06.372 [main] DEBUG org.apache.http.wire -  << "HTTP/1.1 200 OK[\r][\n]"
21:05:06.387 [main] DEBUG org.apache.http.wire -  << "Date: Thu, 28 Aug 2025 15:35:04 GMT[\r][\n]"
21:05:06.387 [main] DEBUG org.apache.http.wire -  << "Server: Apache/2.4.52 (Ubuntu)[\r][\n]"
21:05:06.387 [main] DEBUG org.apache.http.wire -  << "Access-Control-Allow-Origin: *[\r][\n]"
21:05:06.388 [main] DEBUG org.apache.http.wire -  << "Access-Control-Allow-Methods: POST[\r][\n]"
21:05:06.388 [main] DEBUG org.apache.http.wire -  << "Access-Control-Max-Age: 3600[\r][\n]"
21:05:06.388 [main] DEBUG org.apache.http.wire -  << "Access-Control-Allow-Headers: Content-Type, Access-Control-Allow-Headers, Authorization, X-Requested-With[\r][\n]"
21:05:06.388 [main] DEBUG org.apache.http.wire -  << "Content-Length: 250[\r][\n]"
21:05:06.390 [main] DEBUG org.apache.http.wire -  << "Keep-Alive: timeout=5, max=100[\r][\n]"
21:05:06.390 [main] DEBUG org.apache.http.wire -  << "Connection: Keep-Alive[\r][\n]"
21:05:06.390 [main] DEBUG org.apache.http.wire -  << "Content-Type: application/json;charset=UTF-8[\r][\n]"
21:05:06.390 [main] DEBUG org.apache.http.wire -  << "[\r][\n]"
21:05:06.390 [main] DEBUG org.apache.http.impl.conn.DefaultClientConnection - Receiving response: HTTP/1.1 200 OK
21:05:06.390 [main] DEBUG org.apache.http.headers - << HTTP/1.1 200 OK
21:05:06.390 [main] DEBUG org.apache.http.headers - << Date: Thu, 28 Aug 2025 15:35:04 GMT
21:05:06.390 [main] DEBUG org.apache.http.headers - << Server: Apache/2.4.52 (Ubuntu)
21:05:06.390 [main] DEBUG org.apache.http.headers - << Access-Control-Allow-Origin: *
21:05:06.390 [main] DEBUG org.apache.http.headers - << Access-Control-Allow-Methods: POST
21:05:06.390 [main] DEBUG org.apache.http.headers - << Access-Control-Max-Age: 3600
21:05:06.390 [main] DEBUG org.apache.http.headers - << Access-Control-Allow-Headers: Content-Type, Access-Control-Allow-Headers, Authorization, X-Requested-With
21:05:06.390 [main] DEBUG org.apache.http.headers - << Content-Length: 250
21:05:06.390 [main] DEBUG org.apache.http.headers - << Keep-Alive: timeout=5, max=100
21:05:06.390 [main] DEBUG org.apache.http.headers - << Connection: Keep-Alive
21:05:06.390 [main] DEBUG org.apache.http.headers - << Content-Type: application/json;charset=UTF-8
21:05:06.392 [main] DEBUG org.apache.http.impl.client.DefaultHttpClient - Connection can be kept alive for 5000 MILLISECONDS
21:05:06.392 [main] DEBUG io.restassured.internal.RestAssuredHttpBuilder - Parsing response as: application/json;charset=UTF-8
21:05:06.392 [main] DEBUG io.restassured.internal.RestAssuredHttpBuilder - Parsed data to instance of: class org.apache.http.conn.EofSensorInputStream
21:05:06.392 [main] DEBUG org.apache.http.wire -  << "{"location":{"latitude":"-38.383494","longitude":"33.427362"},"accuracy":"50","name":"AAhouse","phone_number":"(+91) 9949778355","address":"New   class center","types":"shoe park,shop","website":"https:\/\/ashwinakhiraworld.com","language":"English"}"
21:05:06.392 [main] DEBUG org.apache.http.impl.conn.BasicClientConnectionManager - Releasing connection org.apache.http.impl.conn.ManagedClientConnectionImpl@1f27f354
21:05:06.392 [main] DEBUG org.apache.http.impl.conn.BasicClientConnectionManager - Connection can be kept alive for 5000 MILLISECONDS
]]></system-out>
  </testcase>
  <testcase name="Verify if Place is being added successfully using AddPlaceAPI #2" classname="Validating Place APIs" time="2.151">
    <system-out><![CDATA[/maps/api/place/add/json
21:05:06.496 [main] DEBUG org.apache.http.impl.conn.BasicClientConnectionManager - Get connection for route {s}->https://rahulshettyacademy.com:443
21:05:06.496 [main] DEBUG org.apache.http.impl.conn.DefaultClientConnectionOperator - Connecting to rahulshettyacademy.com:443
21:05:06.575 [main] DEBUG org.apache.http.client.protocol.RequestAddCookies - CookieSpec selected: ignoreCookies
21:05:06.575 [main] DEBUG org.apache.http.client.protocol.RequestAuthCache - Auth cache not set in the context
21:05:06.575 [main] DEBUG org.apache.http.client.protocol.RequestTargetAuthentication - Target auth state: UNCHALLENGED
21:05:06.575 [main] DEBUG org.apache.http.client.protocol.RequestProxyAuthentication - Proxy auth state: UNCHALLENGED
21:05:06.575 [main] DEBUG org.apache.http.impl.client.DefaultHttpClient - Attempt 1 to execute request
21:05:06.575 [main] DEBUG org.apache.http.impl.conn.DefaultClientConnection - Sending request: POST /maps/api/place/add/json?key=qaclick123 HTTP/1.1
21:05:06.575 [main] DEBUG org.apache.http.wire -  >> "POST /maps/api/place/add/json?key=qaclick123 HTTP/1.1[\r][\n]"
21:05:06.575 [main] DEBUG org.apache.http.wire -  >> "Accept: */*[\r][\n]"
21:05:06.575 [main] DEBUG org.apache.http.wire -  >> "Content-Type: application/json[\r][\n]"
21:05:06.575 [main] DEBUG org.apache.http.wire -  >> "Content-Length: 233[\r][\n]"
21:05:06.575 [main] DEBUG org.apache.http.wire -  >> "Host: rahulshettyacademy.com[\r][\n]"
21:05:06.575 [main] DEBUG org.apache.http.wire -  >> "Connection: Keep-Alive[\r][\n]"
21:05:06.575 [main] DEBUG org.apache.http.wire -  >> "User-Agent: Apache-HttpClient/4.5.13 (Java/17.0.11)[\r][\n]"
21:05:06.576 [main] DEBUG org.apache.http.wire -  >> "Accept-Encoding: gzip,deflate[\r][\n]"
21:05:06.576 [main] DEBUG org.apache.http.wire -  >> "[\r][\n]"
21:05:06.576 [main] DEBUG org.apache.http.headers - >> POST /maps/api/place/add/json?key=qaclick123 HTTP/1.1
21:05:06.576 [main] DEBUG org.apache.http.headers - >> Accept: */*
21:05:06.576 [main] DEBUG org.apache.http.headers - >> Content-Type: application/json
21:05:06.576 [main] DEBUG org.apache.http.headers - >> Content-Length: 233
21:05:06.576 [main] DEBUG org.apache.http.headers - >> Host: rahulshettyacademy.com
21:05:06.576 [main] DEBUG org.apache.http.headers - >> Connection: Keep-Alive
21:05:06.576 [main] DEBUG org.apache.http.headers - >> User-Agent: Apache-HttpClient/4.5.13 (Java/17.0.11)
21:05:06.576 [main] DEBUG org.apache.http.headers - >> Accept-Encoding: gzip,deflate
21:05:06.576 [main] DEBUG org.apache.http.wire -  >> "{"location":{"lat":-38.383494,"lng":33.427362},"name":"BBhouse","phone_number":"(+91) 9949778355","address":"Old class center","types":["shoe park","shop"],"website":"https://ashwinakhiraworld.com","language":"Spanish","accuracy":50}"
21:05:06.610 [main] DEBUG org.apache.http.wire -  << "HTTP/1.1 200 OK[\r][\n]"
21:05:06.610 [main] DEBUG org.apache.http.wire -  << "Date: Thu, 28 Aug 2025 15:35:06 GMT[\r][\n]"
21:05:06.610 [main] DEBUG org.apache.http.wire -  << "Server: Apache/2.4.52 (Ubuntu)[\r][\n]"
21:05:06.610 [main] DEBUG org.apache.http.wire -  << "Access-Control-Allow-Origin: *[\r][\n]"
21:05:06.610 [main] DEBUG org.apache.http.wire -  << "Access-Control-Allow-Methods: POST[\r][\n]"
21:05:06.612 [main] DEBUG org.apache.http.wire -  << "Access-Control-Max-Age: 3600[\r][\n]"
21:05:06.612 [main] DEBUG org.apache.http.wire -  << "Access-Control-Allow-Headers: Content-Type, Access-Control-Allow-Headers, Authorization, X-Requested-With[\r][\n]"
21:05:06.612 [main] DEBUG org.apache.http.wire -  << "Content-Length: 194[\r][\n]"
21:05:06.612 [main] DEBUG org.apache.http.wire -  << "Keep-Alive: timeout=5, max=100[\r][\n]"
21:05:06.612 [main] DEBUG org.apache.http.wire -  << "Connection: Keep-Alive[\r][\n]"
21:05:06.612 [main] DEBUG org.apache.http.wire -  << "Content-Type: application/json;charset=UTF-8[\r][\n]"
21:05:06.612 [main] DEBUG org.apache.http.wire -  << "[\r][\n]"
21:05:06.612 [main] DEBUG org.apache.http.impl.conn.DefaultClientConnection - Receiving response: HTTP/1.1 200 OK
21:05:06.612 [main] DEBUG org.apache.http.headers - << HTTP/1.1 200 OK
21:05:06.612 [main] DEBUG org.apache.http.headers - << Date: Thu, 28 Aug 2025 15:35:06 GMT
21:05:06.612 [main] DEBUG org.apache.http.headers - << Server: Apache/2.4.52 (Ubuntu)
21:05:06.612 [main] DEBUG org.apache.http.headers - << Access-Control-Allow-Origin: *
21:05:06.612 [main] DEBUG org.apache.http.headers - << Access-Control-Allow-Methods: POST
21:05:06.612 [main] DEBUG org.apache.http.headers - << Access-Control-Max-Age: 3600
21:05:06.612 [main] DEBUG org.apache.http.headers - << Access-Control-Allow-Headers: Content-Type, Access-Control-Allow-Headers, Authorization, X-Requested-With
21:05:06.612 [main] DEBUG org.apache.http.headers - << Content-Length: 194
21:05:06.612 [main] DEBUG org.apache.http.headers - << Keep-Alive: timeout=5, max=100
21:05:06.612 [main] DEBUG org.apache.http.headers - << Connection: Keep-Alive
21:05:06.612 [main] DEBUG org.apache.http.headers - << Content-Type: application/json;charset=UTF-8
21:05:06.612 [main] DEBUG org.apache.http.impl.client.DefaultHttpClient - Connection can be kept alive for 5000 MILLISECONDS
21:05:06.614 [main] DEBUG io.restassured.internal.RestAssuredHttpBuilder - Parsing response as: application/json;charset=UTF-8
21:05:06.614 [main] DEBUG io.restassured.internal.RestAssuredHttpBuilder - Parsed data to instance of: class org.apache.http.conn.EofSensorInputStream
21:05:06.614 [main] DEBUG org.apache.http.wire -  << "{"status":"OK","place_id":"69e2d68ac9546f9d05a8a98ab497077f","scope":"APP","reference":"594af495762022877bd771d8e8f9c1c8594af495762022877bd771d8e8f9c1c8","id":"594af495762022877bd771d8e8f9c1c8"}"
21:05:06.614 [main] DEBUG org.apache.http.impl.conn.BasicClientConnectionManager - Releasing connection org.apache.http.impl.conn.ManagedClientConnectionImpl@2d4f1ddd
21:05:06.614 [main] DEBUG org.apache.http.impl.conn.BasicClientConnectionManager - Connection can be kept alive for 5000 MILLISECONDS
/maps/api/place/get/json
21:05:06.781 [main] DEBUG org.apache.http.impl.conn.BasicClientConnectionManager - Get connection for route {s}->https://rahulshettyacademy.com:443
21:05:06.781 [main] DEBUG org.apache.http.impl.conn.DefaultClientConnectionOperator - Connecting to rahulshettyacademy.com:443
21:05:06.865 [main] DEBUG org.apache.http.client.protocol.RequestAddCookies - CookieSpec selected: ignoreCookies
21:05:06.865 [main] DEBUG org.apache.http.client.protocol.RequestAuthCache - Auth cache not set in the context
21:05:06.865 [main] DEBUG org.apache.http.client.protocol.RequestTargetAuthentication - Target auth state: UNCHALLENGED
21:05:06.865 [main] DEBUG org.apache.http.client.protocol.RequestProxyAuthentication - Proxy auth state: UNCHALLENGED
21:05:06.865 [main] DEBUG org.apache.http.impl.client.DefaultHttpClient - Attempt 1 to execute request
21:05:06.865 [main] DEBUG org.apache.http.impl.conn.DefaultClientConnection - Sending request: GET /maps/api/place/get/json?key=qaclick123&place_id=69e2d68ac9546f9d05a8a98ab497077f HTTP/1.1
21:05:06.865 [main] DEBUG org.apache.http.wire -  >> "GET /maps/api/place/get/json?key=qaclick123&place_id=69e2d68ac9546f9d05a8a98ab497077f HTTP/1.1[\r][\n]"
21:05:06.865 [main] DEBUG org.apache.http.wire -  >> "Content-Type: application/json[\r][\n]"
21:05:06.865 [main] DEBUG org.apache.http.wire -  >> "Accept: */*[\r][\n]"
21:05:06.865 [main] DEBUG org.apache.http.wire -  >> "Host: rahulshettyacademy.com[\r][\n]"
21:05:06.865 [main] DEBUG org.apache.http.wire -  >> "Connection: Keep-Alive[\r][\n]"
21:05:06.865 [main] DEBUG org.apache.http.wire -  >> "User-Agent: Apache-HttpClient/4.5.13 (Java/17.0.11)[\r][\n]"
21:05:06.865 [main] DEBUG org.apache.http.wire -  >> "Accept-Encoding: gzip,deflate[\r][\n]"
21:05:06.865 [main] DEBUG org.apache.http.wire -  >> "[\r][\n]"
21:05:06.865 [main] DEBUG org.apache.http.headers - >> GET /maps/api/place/get/json?key=qaclick123&place_id=69e2d68ac9546f9d05a8a98ab497077f HTTP/1.1
21:05:06.865 [main] DEBUG org.apache.http.headers - >> Content-Type: application/json
21:05:06.865 [main] DEBUG org.apache.http.headers - >> Accept: */*
21:05:06.865 [main] DEBUG org.apache.http.headers - >> Host: rahulshettyacademy.com
21:05:06.865 [main] DEBUG org.apache.http.headers - >> Connection: Keep-Alive
21:05:06.865 [main] DEBUG org.apache.http.headers - >> User-Agent: Apache-HttpClient/4.5.13 (Java/17.0.11)
21:05:06.865 [main] DEBUG org.apache.http.headers - >> Accept-Encoding: gzip,deflate
21:05:08.533 [main] DEBUG org.apache.http.wire -  << "HTTP/1.1 200 OK[\r][\n]"
21:05:08.533 [main] DEBUG org.apache.http.wire -  << "Date: Thu, 28 Aug 2025 15:35:06 GMT[\r][\n]"
21:05:08.533 [main] DEBUG org.apache.http.wire -  << "Server: Apache/2.4.52 (Ubuntu)[\r][\n]"
21:05:08.533 [main] DEBUG org.apache.http.wire -  << "Access-Control-Allow-Origin: *[\r][\n]"
21:05:08.533 [main] DEBUG org.apache.http.wire -  << "Access-Control-Allow-Methods: POST[\r][\n]"
21:05:08.533 [main] DEBUG org.apache.http.wire -  << "Access-Control-Max-Age: 3600[\r][\n]"
21:05:08.533 [main] DEBUG org.apache.http.wire -  << "Access-Control-Allow-Headers: Content-Type, Access-Control-Allow-Headers, Authorization, X-Requested-With[\r][\n]"
21:05:08.538 [main] DEBUG org.apache.http.wire -  << "Content-Length: 248[\r][\n]"
21:05:08.538 [main] DEBUG org.apache.http.wire -  << "Keep-Alive: timeout=5, max=100[\r][\n]"
21:05:08.538 [main] DEBUG org.apache.http.wire -  << "Connection: Keep-Alive[\r][\n]"
21:05:08.538 [main] DEBUG org.apache.http.wire -  << "Content-Type: application/json;charset=UTF-8[\r][\n]"
21:05:08.538 [main] DEBUG org.apache.http.wire -  << "[\r][\n]"
21:05:08.538 [main] DEBUG org.apache.http.impl.conn.DefaultClientConnection - Receiving response: HTTP/1.1 200 OK
21:05:08.540 [main] DEBUG org.apache.http.headers - << HTTP/1.1 200 OK
21:05:08.540 [main] DEBUG org.apache.http.headers - << Date: Thu, 28 Aug 2025 15:35:06 GMT
21:05:08.540 [main] DEBUG org.apache.http.headers - << Server: Apache/2.4.52 (Ubuntu)
21:05:08.540 [main] DEBUG org.apache.http.headers - << Access-Control-Allow-Origin: *
21:05:08.540 [main] DEBUG org.apache.http.headers - << Access-Control-Allow-Methods: POST
21:05:08.540 [main] DEBUG org.apache.http.headers - << Access-Control-Max-Age: 3600
21:05:08.540 [main] DEBUG org.apache.http.headers - << Access-Control-Allow-Headers: Content-Type, Access-Control-Allow-Headers, Authorization, X-Requested-With
21:05:08.540 [main] DEBUG org.apache.http.headers - << Content-Length: 248
21:05:08.540 [main] DEBUG org.apache.http.headers - << Keep-Alive: timeout=5, max=100
21:05:08.540 [main] DEBUG org.apache.http.headers - << Connection: Keep-Alive
21:05:08.540 [main] DEBUG org.apache.http.headers - << Content-Type: application/json;charset=UTF-8
21:05:08.540 [main] DEBUG org.apache.http.impl.client.DefaultHttpClient - Connection can be kept alive for 5000 MILLISECONDS
21:05:08.540 [main] DEBUG io.restassured.internal.RestAssuredHttpBuilder - Parsing response as: application/json;charset=UTF-8
21:05:08.540 [main] DEBUG io.restassured.internal.RestAssuredHttpBuilder - Parsed data to instance of: class org.apache.http.conn.EofSensorInputStream
21:05:08.545 [main] DEBUG org.apache.http.wire -  << "{"location":{"latitude":"-38.383494","longitude":"33.427362"},"accuracy":"50","name":"BBhouse","phone_number":"(+91) 9949778355","address":"Old class center","types":"shoe park,shop","website":"https:\/\/ashwinakhiraworld.com","language":"Spanish"}"
21:05:08.545 [main] DEBUG org.apache.http.impl.conn.BasicClientConnectionManager - Releasing connection org.apache.http.impl.conn.ManagedClientConnectionImpl@260fffec
21:05:08.545 [main] DEBUG org.apache.http.impl.conn.BasicClientConnectionManager - Connection can be kept alive for 5000 MILLISECONDS
]]></system-out>
  </testcase>
  <testcase name="Verify if Place is being added successfully using AddPlaceAPI #3" classname="Validating Place APIs" time="1.911">
    <system-out><![CDATA[/maps/api/place/add/json
21:05:08.644 [Finalizer] DEBUG org.apache.http.impl.conn.DefaultClientConnection - Connection 0.0.0.0:58742<->13.201.9.53:443 closed
21:05:08.646 [Finalizer] DEBUG org.apache.http.impl.conn.DefaultClientConnection - Connection 0.0.0.0:58743<->13.201.9.53:443 closed
21:05:08.649 [main] DEBUG org.apache.http.impl.conn.BasicClientConnectionManager - Get connection for route {s}->https://rahulshettyacademy.com:443
21:05:08.649 [main] DEBUG org.apache.http.impl.conn.DefaultClientConnectionOperator - Connecting to rahulshettyacademy.com:443
21:05:08.712 [Finalizer] DEBUG org.apache.http.impl.conn.DefaultClientConnection - Connection 0.0.0.0:58740<->13.201.9.53:443 closed
21:05:08.725 [main] DEBUG org.apache.http.client.protocol.RequestAddCookies - CookieSpec selected: ignoreCookies
21:05:08.725 [main] DEBUG org.apache.http.client.protocol.RequestAuthCache - Auth cache not set in the context
21:05:08.725 [main] DEBUG org.apache.http.client.protocol.RequestTargetAuthentication - Target auth state: UNCHALLENGED
21:05:08.725 [main] DEBUG org.apache.http.client.protocol.RequestProxyAuthentication - Proxy auth state: UNCHALLENGED
21:05:08.725 [main] DEBUG org.apache.http.impl.client.DefaultHttpClient - Attempt 1 to execute request
21:05:08.725 [main] DEBUG org.apache.http.impl.conn.DefaultClientConnection - Sending request: POST /maps/api/place/add/json?key=qaclick123 HTTP/1.1
21:05:08.725 [main] DEBUG org.apache.http.wire -  >> "POST /maps/api/place/add/json?key=qaclick123 HTTP/1.1[\r][\n]"
21:05:08.725 [main] DEBUG org.apache.http.wire -  >> "Accept: */*[\r][\n]"
21:05:08.725 [main] DEBUG org.apache.http.wire -  >> "Content-Type: application/json[\r][\n]"
21:05:08.725 [main] DEBUG org.apache.http.wire -  >> "Content-Length: 234[\r][\n]"
21:05:08.725 [main] DEBUG org.apache.http.wire -  >> "Host: rahulshettyacademy.com[\r][\n]"
21:05:08.725 [main] DEBUG org.apache.http.wire -  >> "Connection: Keep-Alive[\r][\n]"
21:05:08.725 [main] DEBUG org.apache.http.wire -  >> "User-Agent: Apache-HttpClient/4.5.13 (Java/17.0.11)[\r][\n]"
21:05:08.727 [main] DEBUG org.apache.http.wire -  >> "Accept-Encoding: gzip,deflate[\r][\n]"
21:05:08.727 [main] DEBUG org.apache.http.wire -  >> "[\r][\n]"
21:05:08.727 [main] DEBUG org.apache.http.headers - >> POST /maps/api/place/add/json?key=qaclick123 HTTP/1.1
21:05:08.727 [main] DEBUG org.apache.http.headers - >> Accept: */*
21:05:08.727 [main] DEBUG org.apache.http.headers - >> Content-Type: application/json
21:05:08.727 [main] DEBUG org.apache.http.headers - >> Content-Length: 234
21:05:08.727 [main] DEBUG org.apache.http.headers - >> Host: rahulshettyacademy.com
21:05:08.727 [main] DEBUG org.apache.http.headers - >> Connection: Keep-Alive
21:05:08.727 [main] DEBUG org.apache.http.headers - >> User-Agent: Apache-HttpClient/4.5.13 (Java/17.0.11)
21:05:08.727 [main] DEBUG org.apache.http.headers - >> Accept-Encoding: gzip,deflate
21:05:08.727 [main] DEBUG org.apache.http.wire -  >> "{"location":{"lat":-38.383494,"lng":33.427362},"name":"CChouse","phone_number":"(+91) 9949778355","address":"Akhi  class center","types":["shoe park","shop"],"website":"https://ashwinakhiraworld.com","language":"French","accuracy":50}"
21:05:08.757 [main] DEBUG org.apache.http.wire -  << "HTTP/1.1 200 OK[\r][\n]"
21:05:08.757 [main] DEBUG org.apache.http.wire -  << "Date: Thu, 28 Aug 2025 15:35:08 GMT[\r][\n]"
21:05:08.757 [main] DEBUG org.apache.http.wire -  << "Server: Apache/2.4.52 (Ubuntu)[\r][\n]"
21:05:08.757 [main] DEBUG org.apache.http.wire -  << "Access-Control-Allow-Origin: *[\r][\n]"
21:05:08.757 [main] DEBUG org.apache.http.wire -  << "Access-Control-Allow-Methods: POST[\r][\n]"
21:05:08.757 [main] DEBUG org.apache.http.wire -  << "Access-Control-Max-Age: 3600[\r][\n]"
21:05:08.757 [main] DEBUG org.apache.http.wire -  << "Access-Control-Allow-Headers: Content-Type, Access-Control-Allow-Headers, Authorization, X-Requested-With[\r][\n]"
21:05:08.757 [main] DEBUG org.apache.http.wire -  << "Content-Length: 194[\r][\n]"
21:05:08.757 [main] DEBUG org.apache.http.wire -  << "Keep-Alive: timeout=5, max=100[\r][\n]"
21:05:08.757 [main] DEBUG org.apache.http.wire -  << "Connection: Keep-Alive[\r][\n]"
21:05:08.757 [main] DEBUG org.apache.http.wire -  << "Content-Type: application/json;charset=UTF-8[\r][\n]"
21:05:08.757 [main] DEBUG org.apache.http.wire -  << "[\r][\n]"
21:05:08.757 [main] DEBUG org.apache.http.impl.conn.DefaultClientConnection - Receiving response: HTTP/1.1 200 OK
21:05:08.757 [main] DEBUG org.apache.http.headers - << HTTP/1.1 200 OK
21:05:08.759 [main] DEBUG org.apache.http.headers - << Date: Thu, 28 Aug 2025 15:35:08 GMT
21:05:08.759 [main] DEBUG org.apache.http.headers - << Server: Apache/2.4.52 (Ubuntu)
21:05:08.759 [main] DEBUG org.apache.http.headers - << Access-Control-Allow-Origin: *
21:05:08.759 [main] DEBUG org.apache.http.headers - << Access-Control-Allow-Methods: POST
21:05:08.759 [main] DEBUG org.apache.http.headers - << Access-Control-Max-Age: 3600
21:05:08.759 [main] DEBUG org.apache.http.headers - << Access-Control-Allow-Headers: Content-Type, Access-Control-Allow-Headers, Authorization, X-Requested-With
21:05:08.759 [main] DEBUG org.apache.http.headers - << Content-Length: 194
21:05:08.759 [main] DEBUG org.apache.http.headers - << Keep-Alive: timeout=5, max=100
21:05:08.759 [main] DEBUG org.apache.http.headers - << Connection: Keep-Alive
21:05:08.759 [main] DEBUG org.apache.http.headers - << Content-Type: application/json;charset=UTF-8
21:05:08.759 [main] DEBUG org.apache.http.impl.client.DefaultHttpClient - Connection can be kept alive for 5000 MILLISECONDS
21:05:08.759 [main] DEBUG io.restassured.internal.RestAssuredHttpBuilder - Parsing response as: application/json;charset=UTF-8
21:05:08.759 [main] DEBUG io.restassured.internal.RestAssuredHttpBuilder - Parsed data to instance of: class org.apache.http.conn.EofSensorInputStream
21:05:08.759 [main] DEBUG org.apache.http.wire -  << "{"status":"OK","place_id":"a1741d9db70d231eff1e21d7da47c4f7","scope":"APP","reference":"8697506b132900d56591715f1e2fa7688697506b132900d56591715f1e2fa768","id":"8697506b132900d56591715f1e2fa768"}"
21:05:08.759 [main] DEBUG org.apache.http.impl.conn.BasicClientConnectionManager - Releasing connection org.apache.http.impl.conn.ManagedClientConnectionImpl@15a591d9
21:05:08.759 [main] DEBUG org.apache.http.impl.conn.BasicClientConnectionManager - Connection can be kept alive for 5000 MILLISECONDS
/maps/api/place/get/json
21:05:08.855 [main] DEBUG org.apache.http.impl.conn.BasicClientConnectionManager - Get connection for route {s}->https://rahulshettyacademy.com:443
21:05:08.855 [main] DEBUG org.apache.http.impl.conn.DefaultClientConnectionOperator - Connecting to rahulshettyacademy.com:443
21:05:08.923 [main] DEBUG org.apache.http.client.protocol.RequestAddCookies - CookieSpec selected: ignoreCookies
21:05:08.923 [main] DEBUG org.apache.http.client.protocol.RequestAuthCache - Auth cache not set in the context
21:05:08.923 [main] DEBUG org.apache.http.client.protocol.RequestTargetAuthentication - Target auth state: UNCHALLENGED
21:05:08.923 [main] DEBUG org.apache.http.client.protocol.RequestProxyAuthentication - Proxy auth state: UNCHALLENGED
21:05:08.923 [main] DEBUG org.apache.http.impl.client.DefaultHttpClient - Attempt 1 to execute request
21:05:08.923 [main] DEBUG org.apache.http.impl.conn.DefaultClientConnection - Sending request: GET /maps/api/place/get/json?key=qaclick123&place_id=a1741d9db70d231eff1e21d7da47c4f7 HTTP/1.1
21:05:08.923 [main] DEBUG org.apache.http.wire -  >> "GET /maps/api/place/get/json?key=qaclick123&place_id=a1741d9db70d231eff1e21d7da47c4f7 HTTP/1.1[\r][\n]"
21:05:08.923 [main] DEBUG org.apache.http.wire -  >> "Content-Type: application/json[\r][\n]"
21:05:08.923 [main] DEBUG org.apache.http.wire -  >> "Accept: */*[\r][\n]"
21:05:08.923 [main] DEBUG org.apache.http.wire -  >> "Host: rahulshettyacademy.com[\r][\n]"
21:05:08.925 [main] DEBUG org.apache.http.wire -  >> "Connection: Keep-Alive[\r][\n]"
21:05:08.925 [main] DEBUG org.apache.http.wire -  >> "User-Agent: Apache-HttpClient/4.5.13 (Java/17.0.11)[\r][\n]"
21:05:08.925 [main] DEBUG org.apache.http.wire -  >> "Accept-Encoding: gzip,deflate[\r][\n]"
21:05:08.925 [main] DEBUG org.apache.http.wire -  >> "[\r][\n]"
21:05:08.925 [main] DEBUG org.apache.http.headers - >> GET /maps/api/place/get/json?key=qaclick123&place_id=a1741d9db70d231eff1e21d7da47c4f7 HTTP/1.1
21:05:08.925 [main] DEBUG org.apache.http.headers - >> Content-Type: application/json
21:05:08.925 [main] DEBUG org.apache.http.headers - >> Accept: */*
21:05:08.925 [main] DEBUG org.apache.http.headers - >> Host: rahulshettyacademy.com
21:05:08.925 [main] DEBUG org.apache.http.headers - >> Connection: Keep-Alive
21:05:08.925 [main] DEBUG org.apache.http.headers - >> User-Agent: Apache-HttpClient/4.5.13 (Java/17.0.11)
21:05:08.925 [main] DEBUG org.apache.http.headers - >> Accept-Encoding: gzip,deflate
21:05:10.482 [main] DEBUG org.apache.http.wire -  << "HTTP/1.1 200 OK[\r][\n]"
21:05:10.482 [main] DEBUG org.apache.http.wire -  << "Date: Thu, 28 Aug 2025 15:35:09 GMT[\r][\n]"
21:05:10.482 [main] DEBUG org.apache.http.wire -  << "Server: Apache/2.4.52 (Ubuntu)[\r][\n]"
21:05:10.482 [main] DEBUG org.apache.http.wire -  << "Access-Control-Allow-Origin: *[\r][\n]"
21:05:10.482 [main] DEBUG org.apache.http.wire -  << "Access-Control-Allow-Methods: POST[\r][\n]"
21:05:10.482 [main] DEBUG org.apache.http.wire -  << "Access-Control-Max-Age: 3600[\r][\n]"
21:05:10.482 [main] DEBUG org.apache.http.wire -  << "Access-Control-Allow-Headers: Content-Type, Access-Control-Allow-Headers, Authorization, X-Requested-With[\r][\n]"
21:05:10.482 [main] DEBUG org.apache.http.wire -  << "Content-Length: 249[\r][\n]"
21:05:10.484 [main] DEBUG org.apache.http.wire -  << "Keep-Alive: timeout=5, max=100[\r][\n]"
21:05:10.484 [main] DEBUG org.apache.http.wire -  << "Connection: Keep-Alive[\r][\n]"
21:05:10.484 [main] DEBUG org.apache.http.wire -  << "Content-Type: application/json;charset=UTF-8[\r][\n]"
21:05:10.484 [main] DEBUG org.apache.http.wire -  << "[\r][\n]"
21:05:10.484 [main] DEBUG org.apache.http.impl.conn.DefaultClientConnection - Receiving response: HTTP/1.1 200 OK
21:05:10.484 [main] DEBUG org.apache.http.headers - << HTTP/1.1 200 OK
21:05:10.484 [main] DEBUG org.apache.http.headers - << Date: Thu, 28 Aug 2025 15:35:09 GMT
21:05:10.484 [main] DEBUG org.apache.http.headers - << Server: Apache/2.4.52 (Ubuntu)
21:05:10.484 [main] DEBUG org.apache.http.headers - << Access-Control-Allow-Origin: *
21:05:10.484 [main] DEBUG org.apache.http.headers - << Access-Control-Allow-Methods: POST
21:05:10.484 [main] DEBUG org.apache.http.headers - << Access-Control-Max-Age: 3600
21:05:10.484 [main] DEBUG org.apache.http.headers - << Access-Control-Allow-Headers: Content-Type, Access-Control-Allow-Headers, Authorization, X-Requested-With
21:05:10.484 [main] DEBUG org.apache.http.headers - << Content-Length: 249
21:05:10.484 [main] DEBUG org.apache.http.headers - << Keep-Alive: timeout=5, max=100
21:05:10.484 [main] DEBUG org.apache.http.headers - << Connection: Keep-Alive
21:05:10.484 [main] DEBUG org.apache.http.headers - << Content-Type: application/json;charset=UTF-8
21:05:10.486 [main] DEBUG org.apache.http.impl.client.DefaultHttpClient - Connection can be kept alive for 5000 MILLISECONDS
21:05:10.486 [main] DEBUG io.restassured.internal.RestAssuredHttpBuilder - Parsing response as: application/json;charset=UTF-8
21:05:10.486 [main] DEBUG io.restassured.internal.RestAssuredHttpBuilder - Parsed data to instance of: class org.apache.http.conn.EofSensorInputStream
21:05:10.486 [main] DEBUG org.apache.http.wire -  << "{"location":{"latitude":"-38.383494","longitude":"33.427362"},"accuracy":"50","name":"CChouse","phone_number":"(+91) 9949778355","address":"Akhi  class center","types":"shoe park,shop","website":"https:\/\/ashwinakhiraworld.com","language":"French"}"
21:05:10.486 [main] DEBUG org.apache.http.impl.conn.BasicClientConnectionManager - Releasing connection org.apache.http.impl.conn.ManagedClientConnectionImpl@446fb72e
21:05:10.486 [main] DEBUG org.apache.http.impl.conn.BasicClientConnectionManager - Connection can be kept alive for 5000 MILLISECONDS
]]></system-out>
  </testcase>
  <testcase name="Verify if Delete Place functionality is working" classname="Validating Place APIs" time="2.591">
    <system-out><![CDATA[/maps/api/place/delete/json
21:05:10.530 [main] DEBUG org.apache.http.impl.conn.BasicClientConnectionManager - Get connection for route {s}->https://rahulshettyacademy.com:443
21:05:10.530 [main] DEBUG org.apache.http.impl.conn.DefaultClientConnectionOperator - Connecting to rahulshettyacademy.com:443
21:05:10.589 [main] DEBUG org.apache.http.client.protocol.RequestAddCookies - CookieSpec selected: ignoreCookies
21:05:10.589 [main] DEBUG org.apache.http.client.protocol.RequestAuthCache - Auth cache not set in the context
21:05:10.589 [main] DEBUG org.apache.http.client.protocol.RequestTargetAuthentication - Target auth state: UNCHALLENGED
21:05:10.589 [main] DEBUG org.apache.http.client.protocol.RequestProxyAuthentication - Proxy auth state: UNCHALLENGED
21:05:10.589 [main] DEBUG org.apache.http.impl.client.DefaultHttpClient - Attempt 1 to execute request
21:05:10.589 [main] DEBUG org.apache.http.impl.conn.DefaultClientConnection - Sending request: POST /maps/api/place/delete/json?key=qaclick123 HTTP/1.1
21:05:10.589 [main] DEBUG org.apache.http.wire -  >> "POST /maps/api/place/delete/json?key=qaclick123 HTTP/1.1[\r][\n]"
21:05:10.589 [main] DEBUG org.apache.http.wire -  >> "Accept: */*[\r][\n]"
21:05:10.593 [main] DEBUG org.apache.http.wire -  >> "Content-Type: application/json[\r][\n]"
21:05:10.593 [main] DEBUG org.apache.http.wire -  >> "Content-Length: 56[\r][\n]"
21:05:10.593 [main] DEBUG org.apache.http.wire -  >> "Host: rahulshettyacademy.com[\r][\n]"
21:05:10.593 [main] DEBUG org.apache.http.wire -  >> "Connection: Keep-Alive[\r][\n]"
21:05:10.593 [main] DEBUG org.apache.http.wire -  >> "User-Agent: Apache-HttpClient/4.5.13 (Java/17.0.11)[\r][\n]"
21:05:10.593 [main] DEBUG org.apache.http.wire -  >> "Accept-Encoding: gzip,deflate[\r][\n]"
21:05:10.593 [main] DEBUG org.apache.http.wire -  >> "[\r][\n]"
21:05:10.593 [main] DEBUG org.apache.http.headers - >> POST /maps/api/place/delete/json?key=qaclick123 HTTP/1.1
21:05:10.593 [main] DEBUG org.apache.http.headers - >> Accept: */*
21:05:10.593 [main] DEBUG org.apache.http.headers - >> Content-Type: application/json
21:05:10.593 [main] DEBUG org.apache.http.headers - >> Content-Length: 56
21:05:10.593 [main] DEBUG org.apache.http.headers - >> Host: rahulshettyacademy.com
21:05:10.593 [main] DEBUG org.apache.http.headers - >> Connection: Keep-Alive
21:05:10.593 [main] DEBUG org.apache.http.headers - >> User-Agent: Apache-HttpClient/4.5.13 (Java/17.0.11)
21:05:10.593 [main] DEBUG org.apache.http.headers - >> Accept-Encoding: gzip,deflate
21:05:10.593 [main] DEBUG org.apache.http.wire -  >> "{[\r][\n]"
21:05:10.593 [main] DEBUG org.apache.http.wire -  >> "    "place_id": "a1741d9db70d231eff1e21d7da47c4f7"[\r][\n]"
21:05:10.593 [main] DEBUG org.apache.http.wire -  >> "}"
21:05:13.062 [main] DEBUG org.apache.http.wire -  << "HTTP/1.1 200 OK[\r][\n]"
21:05:13.062 [main] DEBUG org.apache.http.wire -  << "Date: Thu, 28 Aug 2025 15:35:10 GMT[\r][\n]"
21:05:13.062 [main] DEBUG org.apache.http.wire -  << "Server: Apache/2.4.52 (Ubuntu)[\r][\n]"
21:05:13.062 [main] DEBUG org.apache.http.wire -  << "Access-Control-Allow-Origin: *[\r][\n]"
21:05:13.062 [main] DEBUG org.apache.http.wire -  << "Access-Control-Allow-Methods: POST[\r][\n]"
21:05:13.064 [main] DEBUG org.apache.http.wire -  << "Access-Control-Max-Age: 3600[\r][\n]"
21:05:13.064 [main] DEBUG org.apache.http.wire -  << "Access-Control-Allow-Headers: Content-Type, Access-Control-Allow-Headers, Authorization, X-Requested-With[\r][\n]"
21:05:13.064 [main] DEBUG org.apache.http.wire -  << "Content-Length: 15[\r][\n]"
21:05:13.064 [main] DEBUG org.apache.http.wire -  << "Keep-Alive: timeout=5, max=100[\r][\n]"
21:05:13.064 [main] DEBUG org.apache.http.wire -  << "Connection: Keep-Alive[\r][\n]"
21:05:13.064 [main] DEBUG org.apache.http.wire -  << "Content-Type: application/json;charset=UTF-8[\r][\n]"
21:05:13.064 [main] DEBUG org.apache.http.wire -  << "[\r][\n]"
21:05:13.064 [main] DEBUG org.apache.http.impl.conn.DefaultClientConnection - Receiving response: HTTP/1.1 200 OK
21:05:13.064 [main] DEBUG org.apache.http.headers - << HTTP/1.1 200 OK
21:05:13.064 [main] DEBUG org.apache.http.headers - << Date: Thu, 28 Aug 2025 15:35:10 GMT
21:05:13.064 [main] DEBUG org.apache.http.headers - << Server: Apache/2.4.52 (Ubuntu)
21:05:13.064 [main] DEBUG org.apache.http.headers - << Access-Control-Allow-Origin: *
21:05:13.064 [main] DEBUG org.apache.http.headers - << Access-Control-Allow-Methods: POST
21:05:13.064 [main] DEBUG org.apache.http.headers - << Access-Control-Max-Age: 3600
21:05:13.064 [main] DEBUG org.apache.http.headers - << Access-Control-Allow-Headers: Content-Type, Access-Control-Allow-Headers, Authorization, X-Requested-With
21:05:13.066 [main] DEBUG org.apache.http.headers - << Content-Length: 15
21:05:13.066 [main] DEBUG org.apache.http.headers - << Keep-Alive: timeout=5, max=100
21:05:13.066 [main] DEBUG org.apache.http.headers - << Connection: Keep-Alive
21:05:13.066 [main] DEBUG org.apache.http.headers - << Content-Type: application/json;charset=UTF-8
21:05:13.066 [main] DEBUG org.apache.http.impl.client.DefaultHttpClient - Connection can be kept alive for 5000 MILLISECONDS
21:05:13.066 [main] DEBUG io.restassured.internal.RestAssuredHttpBuilder - Parsing response as: application/json;charset=UTF-8
21:05:13.066 [main] DEBUG io.restassured.internal.RestAssuredHttpBuilder - Parsed data to instance of: class org.apache.http.conn.EofSensorInputStream
21:05:13.068 [main] DEBUG org.apache.http.wire -  << "{"status":"OK"}"
21:05:13.068 [main] DEBUG org.apache.http.impl.conn.BasicClientConnectionManager - Releasing connection org.apache.http.impl.conn.ManagedClientConnectionImpl@2cdd156b
21:05:13.068 [main] DEBUG org.apache.http.impl.conn.BasicClientConnectionManager - Connection can be kept alive for 5000 MILLISECONDS
]]></system-out>
  </testcase>
</testsuite>